[18-03-2026 11:19:57] [info] ========================================
[18-03-2026 11:19:57] [info] Démarrage de l'import automatique
[18-03-2026 11:19:57] [info] Heure: 18/03/2026 11:19:57
[18-03-2026 11:19:57] [info] Plage: Derniers 30 jours
[18-03-2026 11:19:57] [info] Nombre de groupes: 12
[18-03-2026 11:19:57] [info] ========================================
[18-03-2026 11:19:57] [info] Connexion à l'API Wialon...
[18-03-2026 11:19:58] [success] ✅ Connexion à Wialon réussie
[18-03-2026 11:19:58] [info] Suppression de 0 anciens trajets
[18-03-2026 11:19:58] [info] Traitement du groupe: BOUTCHRAFINE...
[18-03-2026 11:20:59] [warning] ⚠️ Pas de données pour le groupe: BOUTCHRAFINE
[18-03-2026 11:20:59] [info] Traitement du groupe: SOMATRIN...
[18-03-2026 11:21:01] [warning] ⚠️ Pas de données pour le groupe: SOMATRIN
[18-03-2026 11:21:01] [info] Traitement du groupe: MARATRANS...
[18-03-2026 11:21:02] [success] ✅ MARATRANS: 0 trajets insérés
[18-03-2026 11:21:02] [info] Traitement du groupe: G.T.C...
[18-03-2026 11:21:04] [warning] ⚠️ Pas de données pour le groupe: G.T.C
[18-03-2026 11:21:04] [info] Traitement du groupe: DOUKALI...
[18-03-2026 11:21:05] [warning] ⚠️ Pas de données pour le groupe: DOUKALI
[18-03-2026 11:21:05] [info] Traitement du groupe: COTRAMAB...
[18-03-2026 11:21:07] [success] ✅ COTRAMAB: 0 trajets insérés
[18-03-2026 11:21:07] [info] Traitement du groupe: CORYAD...
[18-03-2026 11:21:09] [success] ✅ CORYAD: 0 trajets insérés
[18-03-2026 11:21:09] [info] Traitement du groupe: CONSMETA...
[18-03-2026 11:21:11] [warning] ⚠️ Pas de données pour le groupe: CONSMETA
[18-03-2026 11:21:11] [info] Traitement du groupe: CHOUROUK...
[18-03-2026 11:21:13] [success] ✅ CHOUROUK: 0 trajets insérés
[18-03-2026 11:21:13] [info] Traitement du groupe: CARRE...
[18-03-2026 11:21:14] [warning] ⚠️ Pas de données pour le groupe: CARRE
[18-03-2026 11:21:14] [info] Traitement du groupe: STB...
[18-03-2026 11:21:16] [warning] ⚠️ Pas de données pour le groupe: STB
[18-03-2026 11:21:16] [info] Traitement du groupe: FASTTRANS...
[18-03-2026 11:21:17] [success] ✅ FASTTRANS: 0 trajets insérés
[18-03-2026 11:21:17] [info] ========================================
[18-03-2026 11:21:17] [success] ✅ Import terminé avec succès
[18-03-2026 11:21:17] [info] Durée: 79 secondes
[18-03-2026 11:21:17] [info] Tableaux: 0
[18-03-2026 11:21:17] [success] Trajets: 0
[18-03-2026 11:21:17] [info] ========================================
[18-03-2026 11:21:17] [error] Erreur lors de la sauvegarde: SQLSTATE[42S02]: Base table or view not found: 1146 Table 'rapport.import_logs' doesn't exist
