[27-03-2026 13:09:30] [INFO] ========================================
[27-03-2026 13:09:30] [INFO] AUTO SPLIT - 30 DERNIERS JOURS
[27-03-2026 13:09:30] [INFO] Execution: 2026-03-27 13:09:30
[27-03-2026 13:09:30] [INFO] ========================================
[27-03-2026 13:09:31] [INFO] Session cree: 09327bb4ebda71e78303...
[27-03-2026 13:09:31] [INFO] Periode: 2026-03-27
[27-03-2026 13:09:57] [INFO] Progression: Jour 0/30 - KM: 0, Infra: 0, Eval: 0
[27-03-2026 13:09:57] [INFO] Periode: 2026-03-26
[27-03-2026 13:10:26] [INFO] Periode: 2026-03-25
[27-03-2026 13:10:54] [INFO] Periode: 2026-03-24
[27-03-2026 13:11:21] [INFO] Periode: 2026-03-23
[27-03-2026 13:11:46] [INFO] Periode: 2026-03-22
[27-03-2026 13:12:24] [INFO] Progression: Jour 5/30 - KM: 0, Infra: 0, Eval: 0
[27-03-2026 13:12:24] [INFO] Periode: 2026-03-21
[27-03-2026 13:12:47] [INFO] Periode: 2026-03-20
[27-03-2026 13:13:15] [INFO] Periode: 2026-03-19
[27-03-2026 13:13:40] [INFO] Periode: 2026-03-18
[27-03-2026 13:14:10] [INFO] Periode: 2026-03-17
[27-03-2026 13:14:42] [INFO] Progression: Jour 10/30 - KM: 7, Infra: 0, Eval: 7
[27-03-2026 13:14:42] [INFO] Periode: 2026-03-16
[27-03-2026 13:15:12] [INFO] Periode: 2026-03-15
[27-03-2026 13:15:36] [INFO] Periode: 2026-03-14
[27-03-2026 13:16:02] [INFO] Periode: 2026-03-13
[27-03-2026 13:17:45] [INFO] Periode: 2026-03-12
[27-03-2026 13:18:15] [INFO] Progression: Jour 15/30 - KM: 22, Infra: 0, Eval: 22
[27-03-2026 13:18:17] [INFO] Periode: 2026-03-11
[27-03-2026 13:18:44] [INFO] Periode: 2026-03-10
[27-03-2026 13:21:59] [INFO] Periode: 2026-03-09
[27-03-2026 13:22:32] [INFO] Periode: 2026-03-08
[27-03-2026 13:23:05] [INFO] Periode: 2026-03-07
[27-03-2026 13:23:33] [INFO] Progression: Jour 20/30 - KM: 32, Infra: 0, Eval: 32
[27-03-2026 13:23:34] [INFO] Periode: 2026-03-06
[27-03-2026 13:24:07] [INFO] Periode: 2026-03-05
[27-03-2026 13:24:36] [INFO] Periode: 2026-03-04
[27-03-2026 13:25:15] [INFO] Periode: 2026-03-03
[27-03-2026 13:25:45] [INFO] Periode: 2026-03-02
[27-03-2026 13:26:17] [INFO] Progression: Jour 25/30 - KM: 49, Infra: 0, Eval: 49
[27-03-2026 13:26:17] [INFO] Periode: 2026-03-01
[27-03-2026 13:26:50] [INFO] Periode: 2026-02-28
[27-03-2026 13:27:18] [INFO] Periode: 2026-02-27
[27-03-2026 13:27:48] [INFO] Periode: 2026-02-26
[27-03-2026 13:28:17] [INFO] Periode: 2026-02-25
[27-03-2026 13:28:45] [INFO] Progression: Jour 30/30 - KM: 56, Infra: 0, Eval: 56
[27-03-2026 13:28:45] [INFO] ========================================
[27-03-2026 13:28:45] [INFO] FIN SPLIT - KM: 56 | Infra: 0 | Eval: 56
[27-03-2026 13:28:45] [INFO] Execution: 2026-03-27 13:09:30 -> 2026-03-27 13:28:45
[27-03-2026 13:28:45] [INFO] ========================================
