 
========================================= 
[26/03/2026 16:40:16,18] DEBUT IMPORT AUTOMATIQUE 
========================================= 
[26-03-2026 16:40:17] [INFO] ========================================
[26-03-2026 16:40:17] [INFO] DEBUT IMPORT AUTOMATIQUE - 2026-03-26 16:40:17
[26-03-2026 16:40:17] [INFO] ========================================
[26-03-2026 16:40:19] [INFO] Session cree: 09d78fd349b25a4d450a...
[26-03-2026 16:40:19] [INFO] Processing: BOUTCHRAFINE (ID: 19022033)
[26-03-2026 16:40:21] [ERROR] Erreur execRep
[26-03-2026 16:40:21] [WARNING] Pas de donnees pour BOUTCHRAFINE
[26-03-2026 16:40:21] [INFO] Processing: SOMATRIN (ID: 19596491)
[26-03-2026 16:40:23] [ERROR] Erreur execRep
[26-03-2026 16:40:23] [WARNING] Pas de donnees pour SOMATRIN
[26-03-2026 16:40:23] [INFO] Processing: MARATRANS (ID: 19631505)
[26-03-2026 16:40:24] [ERROR] Erreur execRep
[26-03-2026 16:40:24] [WARNING] Pas de donnees pour MARATRANS
[26-03-2026 16:40:24] [INFO] Processing: G.T.C (ID: 19590737)
[26-03-2026 16:40:26] [ERROR] Erreur execRep
[26-03-2026 16:40:26] [WARNING] Pas de donnees pour G.T.C
[26-03-2026 16:40:26] [INFO] Processing: DOUKALI (ID: 19585587)
[26-03-2026 16:40:28] [ERROR] Erreur execRep
[26-03-2026 16:40:28] [WARNING] Pas de donnees pour DOUKALI
[26-03-2026 16:40:28] [INFO] Processing: COTRAMAB (ID: 19585601)
[26-03-2026 16:40:29] [ERROR] Erreur execRep
[26-03-2026 16:40:29] [WARNING] Pas de donnees pour COTRAMAB
[26-03-2026 16:40:29] [INFO] Processing: CORYAD (ID: 19585581)
[26-03-2026 16:40:31] [ERROR] Erreur execRep
[26-03-2026 16:40:31] [WARNING] Pas de donnees pour CORYAD
[26-03-2026 16:40:31] [INFO] Processing: CONSMETA (ID: 19629962)
[26-03-2026 16:40:32] [ERROR] Erreur execRep
[26-03-2026 16:40:33] [WARNING] Pas de donnees pour CONSMETA
[26-03-2026 16:40:33] [INFO] Processing: CHOUROUK (ID: 19630023)
[26-03-2026 16:40:34] [ERROR] Erreur execRep
[26-03-2026 16:40:34] [WARNING] Pas de donnees pour CHOUROUK
[26-03-2026 16:40:34] [INFO] Processing: CARRE (ID: 19643391)
[26-03-2026 16:40:36] [ERROR] Erreur execRep
[26-03-2026 16:40:36] [WARNING] Pas de donnees pour CARRE
[26-03-2026 16:40:36] [INFO] Processing: STB (ID: 19585942)
[26-03-2026 16:40:37] [ERROR] Erreur execRep
[26-03-2026 16:40:37] [WARNING] Pas de donnees pour STB
[26-03-2026 16:40:37] [INFO] Processing: FASTTRANS (ID: 19635796)
[26-03-2026 16:40:39] [ERROR] Erreur execRep
[26-03-2026 16:40:39] [WARNING] Pas de donnees pour FASTTRANS
[26-03-2026 16:40:39] [INFO] ========================================
[26-03-2026 16:40:39] [INFO] FIN IMPORT - Total: 0 trajets
[26-03-2026 16:40:39] [INFO] Debut: 2026-03-26 16:40:17
[26-03-2026 16:40:39] [INFO] Fin: 2026-03-26 16:40:39
[26-03-2026 16:40:39] [INFO] ========================================

=== RESUME ===
BOUTCHRAFINE: 0 trajets
SOMATRIN: 0 trajets
MARATRANS: 0 trajets
G.T.C: 0 trajets
DOUKALI: 0 trajets
COTRAMAB: 0 trajets
CORYAD: 0 trajets
CONSMETA: 0 trajets
CHOUROUK: 0 trajets
CARRE: 0 trajets
STB: 0 trajets
FASTTRANS: 0 trajets

TOTAL: 0 trajets
Execution: 2026-03-26 16:40:17 -> 2026-03-26 16:40:39
[26/03/2026 16:40:39,97] SUCCES 
[26/03/2026 16:40:40,32] FIN IMPORT 
========================================= 
 
========================================= 
[26/03/2026 16:46:51,42] DEBUT IMPORT AUTOMATIQUE 
========================================= 
[26-03-2026 16:46:52] [INFO] ========================================
[26-03-2026 16:46:52] [INFO] DEBUT IMPORT AUTOMATIQUE - 2026-03-26 16:46:52
[26-03-2026 16:46:52] [INFO] ========================================
[26-03-2026 16:46:52] [INFO] Session cree: 09fa0ca338725789c5fc...
[26-03-2026 16:46:52] [INFO] Processing: BOUTCHRAFINE (ID: 19022033)
[26-03-2026 16:46:54] [INFO] BOUTCHRAFINE: 0 trajets importes
[26-03-2026 16:46:54] [INFO] Processing: SOMATRIN (ID: 19596491)
[26-03-2026 16:46:56] [ERROR] Erreur execRep
[26-03-2026 16:46:56] [WARNING] Pas de donnees pour SOMATRIN
[26-03-2026 16:46:56] [INFO] Processing: MARATRANS (ID: 19631505)
[26-03-2026 16:46:58] [INFO] MARATRANS: 0 trajets importes
[26-03-2026 16:46:58] [INFO] Processing: G.T.C (ID: 19590737)
[26-03-2026 16:46:59] [ERROR] Erreur execRep
[26-03-2026 16:46:59] [WARNING] Pas de donnees pour G.T.C
[26-03-2026 16:46:59] [INFO] Processing: DOUKALI (ID: 19585587)
[26-03-2026 16:47:01] [ERROR] Erreur execRep
[26-03-2026 16:47:01] [WARNING] Pas de donnees pour DOUKALI
[26-03-2026 16:47:01] [INFO] Processing: COTRAMAB (ID: 19585601)
[26-03-2026 16:47:03] [INFO] COTRAMAB: 0 trajets importes
[26-03-2026 16:47:03] [INFO] Processing: CORYAD (ID: 19585581)
[26-03-2026 16:47:06] [INFO] CORYAD: 0 trajets importes
[26-03-2026 16:47:06] [INFO] Processing: CONSMETA (ID: 19629962)
[26-03-2026 16:47:07] [ERROR] Erreur execRep
[26-03-2026 16:47:07] [WARNING] Pas de donnees pour CONSMETA
[26-03-2026 16:47:07] [INFO] Processing: CHOUROUK (ID: 19630023)
[26-03-2026 16:47:09] [INFO] CHOUROUK: 0 trajets importes
[26-03-2026 16:47:09] [INFO] Processing: CARRE (ID: 19643391)
[26-03-2026 16:47:11] [ERROR] Erreur execRep
[26-03-2026 16:47:11] [WARNING] Pas de donnees pour CARRE
[26-03-2026 16:47:11] [INFO] Processing: STB (ID: 19585942)
[26-03-2026 16:47:12] [ERROR] Erreur execRep
[26-03-2026 16:47:12] [WARNING] Pas de donnees pour STB
[26-03-2026 16:47:12] [INFO] Processing: FASTTRANS (ID: 19635796)
[26-03-2026 16:47:15] [INFO] FASTTRANS: 0 trajets importes
[26-03-2026 16:47:15] [INFO] ========================================
[26-03-2026 16:47:15] [INFO] FIN IMPORT - Total: 0 trajets
[26-03-2026 16:47:15] [INFO] Debut: 2026-03-26 16:46:52
[26-03-2026 16:47:15] [INFO] Fin: 2026-03-26 16:47:15
[26-03-2026 16:47:15] [INFO] ========================================

=== RESUME ===
BOUTCHRAFINE: 0 trajets
SOMATRIN: 0 trajets
MARATRANS: 0 trajets
G.T.C: 0 trajets
DOUKALI: 0 trajets
COTRAMAB: 0 trajets
CORYAD: 0 trajets
CONSMETA: 0 trajets
CHOUROUK: 0 trajets
CARRE: 0 trajets
STB: 0 trajets
FASTTRANS: 0 trajets

TOTAL: 0 trajets
Execution: 2026-03-26 16:46:52 -> 2026-03-26 16:47:15
[26/03/2026 16:47:15,96] SUCCES 
[26/03/2026 16:47:16,40] FIN IMPORT 
========================================= 
 
========================================= 
[26/03/2026 16:52:14,39] DEBUT IMPORT AUTOMATIQUE 
Importe les donnees d'HIER 
========================================= 
[26-03-2026 16:52:15] [INFO] ========================================
[26-03-2026 16:52:15] [INFO] IMPORT AUTOMATIQUE - HIER (25/03/2026)
[26-03-2026 16:52:15] [INFO] Periode: 2026-03-25 00:00:00 -> 2026-03-25 23:59:59
[26-03-2026 16:52:15] [INFO] Execution: 2026-03-26 16:52:15
[26-03-2026 16:52:15] [INFO] ========================================
[26-03-2026 16:52:15] [INFO] Session cree: 09f89e54b394d2e4e4b4...
[26-03-2026 16:52:15] [INFO] Processing: BOUTCHRAFINE (ID: 19022033)
[26-03-2026 16:52:24] [INFO] BOUTCHRAFINE: 0 trajets importes (hier)
[26-03-2026 16:52:24] [INFO] Processing: SOMATRIN (ID: 19596491)
[26-03-2026 16:52:26] [ERROR] Erreur execRep
[26-03-2026 16:52:26] [WARNING] Pas de donnees pour SOMATRIN (hier)
[26-03-2026 16:52:26] [INFO] Processing: MARATRANS (ID: 19631505)
[26-03-2026 16:52:28] [INFO] MARATRANS: 0 trajets importes (hier)
[26-03-2026 16:52:28] [INFO] Processing: G.T.C (ID: 19590737)
[26-03-2026 16:52:29] [ERROR] Erreur execRep
[26-03-2026 16:52:29] [WARNING] Pas de donnees pour G.T.C (hier)
[26-03-2026 16:52:29] [INFO] Processing: DOUKALI (ID: 19585587)
[26-03-2026 16:52:31] [ERROR] Erreur execRep
[26-03-2026 16:52:31] [WARNING] Pas de donnees pour DOUKALI (hier)
[26-03-2026 16:52:31] [INFO] Processing: COTRAMAB (ID: 19585601)
[26-03-2026 16:52:33] [INFO] COTRAMAB: 0 trajets importes (hier)
[26-03-2026 16:52:33] [INFO] Processing: CORYAD (ID: 19585581)
[26-03-2026 16:52:35] [INFO] CORYAD: 0 trajets importes (hier)
[26-03-2026 16:52:35] [INFO] Processing: CONSMETA (ID: 19629962)
[26-03-2026 16:52:37] [ERROR] Erreur execRep
[26-03-2026 16:52:37] [WARNING] Pas de donnees pour CONSMETA (hier)
[26-03-2026 16:52:37] [INFO] Processing: CHOUROUK (ID: 19630023)
[26-03-2026 16:52:39] [INFO] CHOUROUK: 0 trajets importes (hier)
[26-03-2026 16:52:39] [INFO] Processing: CARRE (ID: 19643391)
[26-03-2026 16:52:42] [ERROR] Erreur execRep
[26-03-2026 16:52:42] [WARNING] Pas de donnees pour CARRE (hier)
[26-03-2026 16:52:42] [INFO] Processing: STB (ID: 19585942)
[26-03-2026 16:52:44] [ERROR] Erreur execRep
[26-03-2026 16:52:44] [WARNING] Pas de donnees pour STB (hier)
[26-03-2026 16:52:44] [INFO] Processing: FASTTRANS (ID: 19635796)
[26-03-2026 16:52:47] [INFO] FASTTRANS: 0 trajets importes (hier)
[26-03-2026 16:52:47] [INFO] ========================================
[26-03-2026 16:52:47] [INFO] FIN IMPORT - Total: 0 trajets
[26-03-2026 16:52:47] [INFO] Donnees importees: 25/03/2026 (hier)
[26-03-2026 16:52:47] [INFO] Execution: 2026-03-26 16:52:15 -> 2026-03-26 16:52:47
[26-03-2026 16:52:47] [INFO] ========================================

=== RESUME - IMPORT HIER (25/03/2026) ===
BOUTCHRAFINE: 0 trajets
SOMATRIN: 0 trajets
MARATRANS: 0 trajets
G.T.C: 0 trajets
DOUKALI: 0 trajets
COTRAMAB: 0 trajets
CORYAD: 0 trajets
CONSMETA: 0 trajets
CHOUROUK: 0 trajets
CARRE: 0 trajets
STB: 0 trajets
FASTTRANS: 0 trajets

TOTAL: 0 trajets
Donnees du: 25/03/2026
Execution: 2026-03-26 16:52:15 -> 2026-03-26 16:52:47
[26/03/2026 16:52:47,63] SUCCES 
[26/03/2026 16:52:47,99] FIN IMPORT 
========================================= 
 
========================================= 
[28/03/2026 11:44:48,16] DEBUT IMPORT AUTOMATIQUE 
Importe les donnees d'HIER 
========================================= 
[28-03-2026 11:44:48] [INFO] ========================================
[28-03-2026 11:44:48] [INFO] IMPORT AUTOMATIQUE - 7 DERNIERS JOURS
[28-03-2026 11:44:48] [INFO] Periode: 21/03/2026 -> 27/03/2026
[28-03-2026 11:44:48] [INFO] Du: 2026-03-21 00:00:00
[28-03-2026 11:44:48] [INFO] Au: 2026-03-27 23:59:59
[28-03-2026 11:44:48] [INFO] Execution: 2026-03-28 11:44:48
[28-03-2026 11:44:48] [INFO] ========================================
[28-03-2026 11:44:48] [INFO] Session cree: 096f9049eab8a5032ae1...
[28-03-2026 11:44:48] [INFO] Processing: BOUTCHRAFINE (ID: 19022033)
[28-03-2026 11:45:07] [INFO] BOUTCHRAFINE: 0 trajets importes
[28-03-2026 11:45:07] [INFO] Processing: SOMATRIN (ID: 19596491)
[28-03-2026 11:45:08] [ERROR] Erreur execRep
[28-03-2026 11:45:08] [WARNING] Pas de donnees pour SOMATRIN (7 derniers jours)
[28-03-2026 11:45:08] [INFO] Processing: MARATRANS (ID: 19631505)
[28-03-2026 11:45:10] [INFO] MARATRANS: 0 trajets importes
[28-03-2026 11:45:10] [INFO] Processing: G.T.C (ID: 19590737)
[28-03-2026 11:45:12] [ERROR] Erreur execRep
[28-03-2026 11:45:12] [WARNING] Pas de donnees pour G.T.C (7 derniers jours)
[28-03-2026 11:45:12] [INFO] Processing: DOUKALI (ID: 19585587)
[28-03-2026 11:45:13] [ERROR] Erreur execRep
[28-03-2026 11:45:13] [WARNING] Pas de donnees pour DOUKALI (7 derniers jours)
[28-03-2026 11:45:13] [INFO] Processing: COTRAMAB (ID: 19585601)
[28-03-2026 11:45:15] [INFO] COTRAMAB: 0 trajets importes
[28-03-2026 11:45:15] [INFO] Processing: CORYAD (ID: 19585581)
[28-03-2026 11:45:17] [INFO] CORYAD: 0 trajets importes
[28-03-2026 11:45:17] [INFO] Processing: CONSMETA (ID: 19629962)
[28-03-2026 11:45:18] [ERROR] Erreur execRep
[28-03-2026 11:45:18] [WARNING] Pas de donnees pour CONSMETA (7 derniers jours)
[28-03-2026 11:45:18] [INFO] Processing: CHOUROUK (ID: 19630023)
[28-03-2026 11:45:20] [INFO] CHOUROUK: 0 trajets importes
[28-03-2026 11:45:20] [INFO] Processing: CARRE (ID: 19643391)
[28-03-2026 11:45:22] [ERROR] Erreur execRep
[28-03-2026 11:45:22] [WARNING] Pas de donnees pour CARRE (7 derniers jours)
[28-03-2026 11:45:22] [INFO] Processing: STB (ID: 19585942)
[28-03-2026 11:45:23] [ERROR] Erreur execRep
[28-03-2026 11:45:23] [WARNING] Pas de donnees pour STB (7 derniers jours)
[28-03-2026 11:45:23] [INFO] Processing: FASTTRANS (ID: 19635796)
[28-03-2026 11:45:25] [INFO] FASTTRANS: 0 trajets importes
[28-03-2026 11:45:25] [INFO] ========================================
[28-03-2026 11:45:25] [INFO] FIN IMPORT - Total: 0 trajets
[28-03-2026 11:45:25] [INFO] Periode: 21/03/2026 -> 27/03/2026 (7 derniers jours)
[28-03-2026 11:45:25] [INFO] Execution: 2026-03-28 11:44:48 -> 2026-03-28 11:45:25
[28-03-2026 11:45:25] [INFO] ========================================

=== RESUME - IMPORT 7 DERNIERS JOURS ===
Periode: 21/03/2026 -> 27/03/2026

BOUTCHRAFINE: 0 trajets
SOMATRIN: 0 trajets
MARATRANS: 0 trajets
G.T.C: 0 trajets
DOUKALI: 0 trajets
COTRAMAB: 0 trajets
CORYAD: 0 trajets
CONSMETA: 0 trajets
CHOUROUK: 0 trajets
CARRE: 0 trajets
STB: 0 trajets
FASTTRANS: 0 trajets

TOTAL: 0 trajets
Periode: 21/03/2026 -> 27/03/2026
Execution: 2026-03-28 11:44:48 -> 2026-03-28 11:45:25
[28/03/2026 11:45:25,75] SUCCES 
[28/03/2026 11:45:25,77] FIN IMPORT 
========================================= 
 
========================================= 
[30/03/2026 10:00:24,17] DEBUT IMPORT AUTOMATIQUE 
Importe les donnees d'HIER 
========================================= 
[30-03-2026 11:00:24] [INFO] ========================================
[30-03-2026 11:00:24] [INFO] IMPORT AUTOMATIQUE - 7 DERNIERS JOURS
[30-03-2026 11:00:24] [INFO] Periode: 23/03/2026 -> 29/03/2026
[30-03-2026 11:00:24] [INFO] Du: 2026-03-23 00:00:00
[30-03-2026 11:00:24] [INFO] Au: 2026-03-29 23:59:59
[30-03-2026 11:00:24] [INFO] Execution: 2026-03-30 11:00:24
[30-03-2026 11:00:24] [INFO] ========================================
[30-03-2026 11:00:24] [INFO] Session cree: 09c94dd89f24366d6616...
[30-03-2026 11:00:24] [INFO] Processing: BOUTCHRAFINE (ID: 29666936)
[30-03-2026 11:00:31] [INFO] BOUTCHRAFINE: 0 trajets importes
[30-03-2026 11:00:31] [INFO] Processing: SOMATRIN (ID: 30071668)
[30-03-2026 11:00:35] [INFO] SOMATRIN: 0 trajets importes
[30-03-2026 11:00:35] [INFO] Processing: MARATRANS (ID: 19631505)
[30-03-2026 11:00:37] [INFO] MARATRANS: 0 trajets importes
[30-03-2026 11:00:37] [INFO] Processing: G.T.C (ID: 30085013)
[30-03-2026 11:00:43] [INFO] G.T.C: 0 trajets importes
[30-03-2026 11:00:43] [INFO] Processing: DOUKALI (ID: 19585587)
[30-03-2026 11:00:44] [ERROR] Erreur execRep
[30-03-2026 11:00:44] [WARNING] Pas de donnees pour DOUKALI (7 derniers jours)
[30-03-2026 11:00:44] [INFO] Processing: COTRAMAB (ID: 19585601)
[30-03-2026 11:00:46] [INFO] COTRAMAB: 0 trajets importes
[30-03-2026 11:00:46] [INFO] Processing: CORYAD (ID: 19585581)
[30-03-2026 11:00:48] [INFO] CORYAD: 0 trajets importes
[30-03-2026 11:00:48] [INFO] Processing: CONSMETA (ID: 19629962)
[30-03-2026 11:00:50] [ERROR] Erreur execRep
[30-03-2026 11:00:50] [WARNING] Pas de donnees pour CONSMETA (7 derniers jours)
[30-03-2026 11:00:50] [INFO] Processing: CHOUROUK (ID: 19630023)
[30-03-2026 11:00:52] [INFO] CHOUROUK: 0 trajets importes
[30-03-2026 11:00:52] [INFO] Processing: CARRE (ID: 19643391)
[30-03-2026 11:00:53] [ERROR] Erreur execRep
[30-03-2026 11:00:53] [WARNING] Pas de donnees pour CARRE (7 derniers jours)
[30-03-2026 11:00:53] [INFO] Processing: STB (ID: 19585942)
[30-03-2026 11:00:55] [ERROR] Erreur execRep
[30-03-2026 11:00:55] [WARNING] Pas de donnees pour STB (7 derniers jours)
[30-03-2026 11:00:55] [INFO] Processing: FASTTRANS (ID: 19635796)
[30-03-2026 11:00:57] [INFO] FASTTRANS: 0 trajets importes
[30-03-2026 11:00:57] [INFO] ========================================
[30-03-2026 11:00:57] [INFO] FIN IMPORT - Total: 0 trajets
[30-03-2026 11:00:57] [INFO] Periode: 23/03/2026 -> 29/03/2026 (7 derniers jours)
[30-03-2026 11:00:57] [INFO] Execution: 2026-03-30 11:00:24 -> 2026-03-30 11:00:57
[30-03-2026 11:00:57] [INFO] ========================================

=== RESUME - IMPORT 7 DERNIERS JOURS ===
Periode: 23/03/2026 -> 29/03/2026

BOUTCHRAFINE: 0 trajets
SOMATRIN: 0 trajets
MARATRANS: 0 trajets
G.T.C: 0 trajets
DOUKALI: 0 trajets
COTRAMAB: 0 trajets
CORYAD: 0 trajets
CONSMETA: 0 trajets
CHOUROUK: 0 trajets
CARRE: 0 trajets
STB: 0 trajets
FASTTRANS: 0 trajets

TOTAL: 0 trajets
Periode: 23/03/2026 -> 29/03/2026
Execution: 2026-03-30 11:00:24 -> 2026-03-30 11:00:57
[30/03/2026 10:00:57,04] SUCCES 
[30/03/2026 10:00:57,06] FIN IMPORT 
========================================= 
 
========================================= 
[30/03/2026 10:16:04,27] DEBUT IMPORT AUTOMATIQUE 
Importe les donnees d'HIER 
========================================= 
[30-03-2026 11:16:04] [INFO] ========================================
[30-03-2026 11:16:04] [INFO] IMPORT AUTOMATIQUE - 7 DERNIERS JOURS
[30-03-2026 11:16:04] [INFO] Periode: 23/03/2026 -> 29/03/2026
[30-03-2026 11:16:04] [INFO] Du: 2026-03-23 00:00:00
[30-03-2026 11:16:04] [INFO] Au: 2026-03-29 23:59:59
[30-03-2026 11:16:04] [INFO] Execution: 2026-03-30 11:16:04
[30-03-2026 11:16:04] [INFO] ========================================
[30-03-2026 11:16:04] [INFO] Session cree: 0941f6b4e675dbc8a5ed...
[30-03-2026 11:16:04] [INFO] Processing: BOUTCHRAFINE (ID: 29666936)
[30-03-2026 11:16:10] [INFO] BOUTCHRAFINE: 0 trajets importes
[30-03-2026 11:16:10] [INFO] Processing: SOMATRIN (ID: 30071668)
[30-03-2026 11:16:13] [INFO] SOMATRIN: 0 trajets importes
[30-03-2026 11:16:13] [INFO] Processing: MARATRANS (ID: 19631505)
[30-03-2026 11:16:17] [INFO] MARATRANS: 0 trajets importes
[30-03-2026 11:16:17] [INFO] Processing: G.T.C (ID: 30085013)
[30-03-2026 11:16:25] [INFO] G.T.C: 0 trajets importes
[30-03-2026 11:16:25] [INFO] Processing: DOUKALI (ID: 19585587)
[30-03-2026 11:16:27] [ERROR] Erreur execRep
[30-03-2026 11:16:27] [WARNING] Pas de donnees pour DOUKALI (7 derniers jours)
[30-03-2026 11:16:27] [INFO] Processing: COTRAMAB (ID: 19585601)
[30-03-2026 11:16:29] [INFO] COTRAMAB: 0 trajets importes
[30-03-2026 11:16:29] [INFO] Processing: CORYAD (ID: 19585581)
[30-03-2026 11:16:30] [INFO] CORYAD: 0 trajets importes
[30-03-2026 11:16:30] [INFO] Processing: CONSMETA (ID: 19629962)
[30-03-2026 11:16:32] [ERROR] Erreur execRep
[30-03-2026 11:16:32] [WARNING] Pas de donnees pour CONSMETA (7 derniers jours)
[30-03-2026 11:16:32] [INFO] Processing: CHOUROUK (ID: 19630023)
[30-03-2026 11:16:34] [INFO] CHOUROUK: 0 trajets importes
[30-03-2026 11:16:34] [INFO] Processing: CARRE (ID: 19643391)
[30-03-2026 11:16:35] [ERROR] Erreur execRep
[30-03-2026 11:16:35] [WARNING] Pas de donnees pour CARRE (7 derniers jours)
[30-03-2026 11:16:35] [INFO] Processing: STB (ID: 19585942)
[30-03-2026 11:16:37] [ERROR] Erreur execRep
[30-03-2026 11:16:37] [WARNING] Pas de donnees pour STB (7 derniers jours)
[30-03-2026 11:16:37] [INFO] Processing: FASTTRANS (ID: 19635796)
[30-03-2026 11:16:39] [INFO] FASTTRANS: 0 trajets importes
[30-03-2026 11:16:39] [INFO] ========================================
[30-03-2026 11:16:39] [INFO] FIN IMPORT - Total: 0 trajets
[30-03-2026 11:16:39] [INFO] Periode: 23/03/2026 -> 29/03/2026 (7 derniers jours)
[30-03-2026 11:16:39] [INFO] Execution: 2026-03-30 11:16:04 -> 2026-03-30 11:16:39
[30-03-2026 11:16:39] [INFO] ========================================

=== RESUME - IMPORT 7 DERNIERS JOURS ===
Periode: 23/03/2026 -> 29/03/2026

BOUTCHRAFINE: 0 trajets
SOMATRIN: 0 trajets
MARATRANS: 0 trajets
G.T.C: 0 trajets
DOUKALI: 0 trajets
COTRAMAB: 0 trajets
CORYAD: 0 trajets
CONSMETA: 0 trajets
CHOUROUK: 0 trajets
CARRE: 0 trajets
STB: 0 trajets
FASTTRANS: 0 trajets

TOTAL: 0 trajets
Periode: 23/03/2026 -> 29/03/2026
Execution: 2026-03-30 11:16:04 -> 2026-03-30 11:16:39
[30/03/2026 10:16:39,29] SUCCES 
[30/03/2026 10:16:39,30] FIN IMPORT 
========================================= 
