<!DOCTYPE html>
<html>
<head>
	<meta charset="UTF-8">
	<title>Import Wialon - 7 derniers jours</title>
	<style>
		body { font-family: Arial; background: #f5f5f5; margin: 20px; padding: 20px; }
		.container { max-width: 1000px; margin: 0 auto; background: white; padding: 20px; border-radius: 8px; box-shadow: 0 2px 10px rgba(0,0,0,0.1); }
		h1 { color: #2c3e50; border-bottom: 3px solid #3498db; padding-bottom: 10px; }
		.log { background: #f8f9fa; border-left: 4px solid #3498db; padding: 10px; margin: 8px 0; font-family: monospace; font-size: 13px; }
		.success { border-left-color: #27ae60; color: #27ae60; }
		.error { border-left-color: #e74c3c; color: #e74c3c; background: #fadbd8; }
		.info { border-left-color: #3498db; color: #3498db; }
		.summary { background: #d5f4e6; border: 2px solid #27ae60; padding: 15px; margin: 20px 0; border-radius: 5px; }
		table { width: 100%; border-collapse: collapse; margin: 15px 0; }
		th, td { border: 1px solid #bdc3c7; padding: 10px; text-align: left; }
		th { background: #3498db; color: white; }
	</style>
</head>
<body>

<div class="container">
	<h1>🔄 Import Wialon - 7 derniers jours</h1>
	<p><strong>Démarrage:</strong> <span style="color: #3498db;">16/03/2026 15:02:37</span></p>

<div class="log info">Connexion à Wialon...</div><div class="log success">✅ Session créée: 0989bfcb6aa6866db969...</div><div class="log info">Traitement: <strong>BOUTCHRAFINE</strong></div><div class="log success">✅ BOUTCHRAFINE: 1 trajets insérés (3 tables)</div><div class="log info">Traitement: <strong>SOMATRIN</strong></div><div class="log success">✅ SOMATRIN: 0 trajets insérés (0 tables)</div><div class="log info">Traitement: <strong>MARATRANS</strong></div><div class="log success">✅ MARATRANS: 0 trajets insérés (0 tables)</div><div class="log info">Traitement: <strong>G.T.C</strong></div><div class="log">⚠️ Pas de données pour G.T.C</div><div class="log info">Traitement: <strong>DOUKALI</strong></div><div class="log">⚠️ Pas de données pour DOUKALI</div><div class="log info">Traitement: <strong>COTRAMAB</strong></div><div class="log success">✅ COTRAMAB: 0 trajets insérés (0 tables)</div><div class="log info">Traitement: <strong>CORYAD</strong></div><div class="log success">✅ CORYAD: 0 trajets insérés (0 tables)</div><div class="log info">Traitement: <strong>CONSMETA</strong></div><div class="log">⚠️ Pas de données pour CONSMETA</div><div class="log info">Traitement: <strong>CHOUROUK</strong></div><div class="log success">✅ CHOUROUK: 0 trajets insérés (0 tables)</div><div class="log info">Traitement: <strong>CARRE</strong></div><div class="log">⚠️ Pas de données pour CARRE</div><div class="log info">Traitement: <strong>STB</strong></div><div class="log">⚠️ Pas de données pour STB</div><div class="log info">Traitement: <strong>FASTTRANS</strong></div><div class="log success">✅ FASTTRANS: 0 trajets insérés (0 tables)</div><h2>📊 Résumé</h2><table><tr><th>Groupe</th><th>Trajets Insérés</th></tr><tr><td>BOUTCHRAFINE</td><td style="color: #27ae60; font-weight: bold;">1</td></tr><tr><td>SOMATRIN</td><td style="color: #95a5a6; font-weight: bold;">0</td></tr><tr><td>MARATRANS</td><td style="color: #95a5a6; font-weight: bold;">0</td></tr><tr><td>G.T.C</td><td style="color: #95a5a6; font-weight: bold;">0</td></tr><tr><td>DOUKALI</td><td style="color: #95a5a6; font-weight: bold;">0</td></tr><tr><td>COTRAMAB</td><td style="color: #95a5a6; font-weight: bold;">0</td></tr><tr><td>CORYAD</td><td style="color: #95a5a6; font-weight: bold;">0</td></tr><tr><td>CONSMETA</td><td style="color: #95a5a6; font-weight: bold;">0</td></tr><tr><td>CHOUROUK</td><td style="color: #95a5a6; font-weight: bold;">0</td></tr><tr><td>CARRE</td><td style="color: #95a5a6; font-weight: bold;">0</td></tr><tr><td>STB</td><td style="color: #95a5a6; font-weight: bold;">0</td></tr><tr><td>FASTTRANS</td><td style="color: #95a5a6; font-weight: bold;">0</td></tr></table><div class="summary"><p>✅ <strong>Importation terminée!</strong></p><p>📋 Tables traitées: <strong>3</strong></p><p>🚗 Trajets insérés: <strong style="font-size: 1.3em;">1</strong></p></div><p><strong>Fin:</strong> <span style="color: #e74c3c;">16/03/2026 15:03:24</span></p><p><a href="check_trajets.php" style="background: #3498db; color: white; padding: 10px 20px; text-decoration: none; border-radius: 5px; display: inline-block;">📊 Voir les données</a></p>
</div>

</body>
</html><!DOCTYPE html>
<html>
<head>
	<meta charset="UTF-8">
	<title>Import Wialon - 7 derniers jours</title>
	<style>
		body { font-family: Arial; background: #f5f5f5; margin: 20px; padding: 20px; }
		.container { max-width: 1000px; margin: 0 auto; background: white; padding: 20px; border-radius: 8px; box-shadow: 0 2px 10px rgba(0,0,0,0.1); }
		h1 { color: #2c3e50; border-bottom: 3px solid #3498db; padding-bottom: 10px; }
		.log { background: #f8f9fa; border-left: 4px solid #3498db; padding: 10px; margin: 8px 0; font-family: monospace; font-size: 13px; }
		.success { border-left-color: #27ae60; color: #27ae60; }
		.error { border-left-color: #e74c3c; color: #e74c3c; background: #fadbd8; }
		.info { border-left-color: #3498db; color: #3498db; }
		.summary { background: #d5f4e6; border: 2px solid #27ae60; padding: 15px; margin: 20px 0; border-radius: 5px; }
		table { width: 100%; border-collapse: collapse; margin: 15px 0; }
		th, td { border: 1px solid #bdc3c7; padding: 10px; text-align: left; }
		th { background: #3498db; color: white; }
	</style>
</head>
<body>

<div class="container">
	<h1>🔄 Import Wialon - 7 derniers jours</h1>
	<p><strong>Démarrage:</strong> <span style="color: #3498db;">17/03/2026 10:07:21</span></p>

<div class="log info">Connexion à Wialon...</div><div class="log success">✅ Session créée: 09ca0302560e5a1e3a4e...</div><div class="log info">Traitement: <strong>BOUTCHRAFINE</strong></div><div class="log success">✅ BOUTCHRAFINE: 4 trajets insérés (3 tables)</div><div class="log info">Traitement: <strong>SOMATRIN</strong></div><div class="log">⚠️ Pas de données pour SOMATRIN</div><div class="log info">Traitement: <strong>MARATRANS</strong></div><div class="log success">✅ MARATRANS: 0 trajets insérés (0 tables)</div><div class="log info">Traitement: <strong>G.T.C</strong></div><div class="log">⚠️ Pas de données pour G.T.C</div><div class="log info">Traitement: <strong>DOUKALI</strong></div><div class="log">⚠️ Pas de données pour DOUKALI</div><div class="log info">Traitement: <strong>COTRAMAB</strong></div><div class="log success">✅ COTRAMAB: 0 trajets insérés (0 tables)</div><div class="log info">Traitement: <strong>CORYAD</strong></div><div class="log success">✅ CORYAD: 0 trajets insérés (0 tables)</div><div class="log info">Traitement: <strong>CONSMETA</strong></div><div class="log">⚠️ Pas de données pour CONSMETA</div><div class="log info">Traitement: <strong>CHOUROUK</strong></div><div class="log success">✅ CHOUROUK: 0 trajets insérés (0 tables)</div><div class="log info">Traitement: <strong>CARRE</strong></div><div class="log">⚠️ Pas de données pour CARRE</div><div class="log info">Traitement: <strong>STB</strong></div><div class="log">⚠️ Pas de données pour STB</div><div class="log info">Traitement: <strong>FASTTRANS</strong></div><div class="log success">✅ FASTTRANS: 0 trajets insérés (0 tables)</div><h2>📊 Résumé</h2><table><tr><th>Groupe</th><th>Trajets Insérés</th></tr><tr><td>BOUTCHRAFINE</td><td style="color: #27ae60; font-weight: bold;">4</td></tr><tr><td>SOMATRIN</td><td style="color: #95a5a6; font-weight: bold;">0</td></tr><tr><td>MARATRANS</td><td style="color: #95a5a6; font-weight: bold;">0</td></tr><tr><td>G.T.C</td><td style="color: #95a5a6; font-weight: bold;">0</td></tr><tr><td>DOUKALI</td><td style="color: #95a5a6; font-weight: bold;">0</td></tr><tr><td>COTRAMAB</td><td style="color: #95a5a6; font-weight: bold;">0</td></tr><tr><td>CORYAD</td><td style="color: #95a5a6; font-weight: bold;">0</td></tr><tr><td>CONSMETA</td><td style="color: #95a5a6; font-weight: bold;">0</td></tr><tr><td>CHOUROUK</td><td style="color: #95a5a6; font-weight: bold;">0</td></tr><tr><td>CARRE</td><td style="color: #95a5a6; font-weight: bold;">0</td></tr><tr><td>STB</td><td style="color: #95a5a6; font-weight: bold;">0</td></tr><tr><td>FASTTRANS</td><td style="color: #95a5a6; font-weight: bold;">0</td></tr></table><div class="summary"><p>✅ <strong>Importation terminée!</strong></p><p>📋 Tables traitées: <strong>3</strong></p><p>🚗 Trajets insérés: <strong style="font-size: 1.3em;">4</strong></p></div><p><strong>Fin:</strong> <span style="color: #e74c3c;">17/03/2026 10:08:10</span></p><p><a href="check_trajets.php" style="background: #3498db; color: white; padding: 10px 20px; text-decoration: none; border-radius: 5px; display: inline-block;">📊 Voir les données</a></p>
</div>

</body>
</html><!DOCTYPE html>
<html>
<head>
	<meta charset="UTF-8">
	<title>Import Wialon - 7 derniers jours</title>
	<style>
		body { font-family: Arial; background: #f5f5f5; margin: 20px; padding: 20px; }
		.container { max-width: 1000px; margin: 0 auto; background: white; padding: 20px; border-radius: 8px; box-shadow: 0 2px 10px rgba(0,0,0,0.1); }
		h1 { color: #2c3e50; border-bottom: 3px solid #3498db; padding-bottom: 10px; }
		.log { background: #f8f9fa; border-left: 4px solid #3498db; padding: 10px; margin: 8px 0; font-family: monospace; font-size: 13px; }
		.success { border-left-color: #27ae60; color: #27ae60; }
		.error { border-left-color: #e74c3c; color: #e74c3c; background: #fadbd8; }
		.info { border-left-color: #3498db; color: #3498db; }
		.summary { background: #d5f4e6; border: 2px solid #27ae60; padding: 15px; margin: 20px 0; border-radius: 5px; }
		table { width: 100%; border-collapse: collapse; margin: 15px 0; }
		th, td { border: 1px solid #bdc3c7; padding: 10px; text-align: left; }
		th { background: #3498db; color: white; }
	</style>
</head>
<body>

<div class="container">
	<h1>🔄 Import Wialon - 7 derniers jours</h1>
	<p><strong>Démarrage:</strong> <span style="color: #3498db;">17/03/2026 11:12:51</span></p>

<div class="log info">Connexion à Wialon...</div><div class="log success">✅ Session créée: 091d021e460465d0a5b9...</div><div class="log info">Traitement: <strong>BOUTCHRAFINE</strong></div><div class="log success">✅ BOUTCHRAFINE: 0 trajets insérés (3 tables)</div><div class="log info">Traitement: <strong>SOMATRIN</strong></div><div class="log">⚠️ Pas de données pour SOMATRIN</div><div class="log info">Traitement: <strong>MARATRANS</strong></div><div class="log success">✅ MARATRANS: 0 trajets insérés (0 tables)</div><div class="log info">Traitement: <strong>G.T.C</strong></div><div class="log">⚠️ Pas de données pour G.T.C</div><div class="log info">Traitement: <strong>DOUKALI</strong></div><div class="log">⚠️ Pas de données pour DOUKALI</div><div class="log info">Traitement: <strong>COTRAMAB</strong></div><div class="log success">✅ COTRAMAB: 0 trajets insérés (0 tables)</div><div class="log info">Traitement: <strong>CORYAD</strong></div><div class="log success">✅ CORYAD: 0 trajets insérés (0 tables)</div><div class="log info">Traitement: <strong>CONSMETA</strong></div><div class="log">⚠️ Pas de données pour CONSMETA</div><div class="log info">Traitement: <strong>CHOUROUK</strong></div><div class="log success">✅ CHOUROUK: 0 trajets insérés (0 tables)</div><div class="log info">Traitement: <strong>CARRE</strong></div><div class="log">⚠️ Pas de données pour CARRE</div><div class="log info">Traitement: <strong>STB</strong></div><div class="log">⚠️ Pas de données pour STB</div><div class="log info">Traitement: <strong>FASTTRANS</strong></div><div class="log success">✅ FASTTRANS: 0 trajets insérés (0 tables)</div><h2>📊 Résumé</h2><table><tr><th>Groupe</th><th>Trajets Insérés</th></tr><tr><td>BOUTCHRAFINE</td><td style="color: #95a5a6; font-weight: bold;">0</td></tr><tr><td>SOMATRIN</td><td style="color: #95a5a6; font-weight: bold;">0</td></tr><tr><td>MARATRANS</td><td style="color: #95a5a6; font-weight: bold;">0</td></tr><tr><td>G.T.C</td><td style="color: #95a5a6; font-weight: bold;">0</td></tr><tr><td>DOUKALI</td><td style="color: #95a5a6; font-weight: bold;">0</td></tr><tr><td>COTRAMAB</td><td style="color: #95a5a6; font-weight: bold;">0</td></tr><tr><td>CORYAD</td><td style="color: #95a5a6; font-weight: bold;">0</td></tr><tr><td>CONSMETA</td><td style="color: #95a5a6; font-weight: bold;">0</td></tr><tr><td>CHOUROUK</td><td style="color: #95a5a6; font-weight: bold;">0</td></tr><tr><td>CARRE</td><td style="color: #95a5a6; font-weight: bold;">0</td></tr><tr><td>STB</td><td style="color: #95a5a6; font-weight: bold;">0</td></tr><tr><td>FASTTRANS</td><td style="color: #95a5a6; font-weight: bold;">0</td></tr></table><div class="summary"><p>✅ <strong>Importation terminée!</strong></p><p>📋 Tables traitées: <strong>3</strong></p><p>🚗 Trajets insérés: <strong style="font-size: 1.3em;">0</strong></p></div><p><strong>Fin:</strong> <span style="color: #e74c3c;">17/03/2026 11:13:40</span></p><p><a href="check_trajets.php" style="background: #3498db; color: white; padding: 10px 20px; text-decoration: none; border-radius: 5px; display: inline-block;">📊 Voir les données</a></p>
</div>

</body>
</html><!DOCTYPE html>
<html>
<head>
	<meta charset="UTF-8">
	<title>Import Wialon - 7 derniers jours</title>
	<style>
		body { font-family: Arial; background: #f5f5f5; margin: 20px; padding: 20px; }
		.container { max-width: 1000px; margin: 0 auto; background: white; padding: 20px; border-radius: 8px; box-shadow: 0 2px 10px rgba(0,0,0,0.1); }
		h1 { color: #2c3e50; border-bottom: 3px solid #3498db; padding-bottom: 10px; }
		.log { background: #f8f9fa; border-left: 4px solid #3498db; padding: 10px; margin: 8px 0; font-family: monospace; font-size: 13px; }
		.success { border-left-color: #27ae60; color: #27ae60; }
		.error { border-left-color: #e74c3c; color: #e74c3c; background: #fadbd8; }
		.info { border-left-color: #3498db; color: #3498db; }
		.summary { background: #d5f4e6; border: 2px solid #27ae60; padding: 15px; margin: 20px 0; border-radius: 5px; }
		table { width: 100%; border-collapse: collapse; margin: 15px 0; }
		th, td { border: 1px solid #bdc3c7; padding: 10px; text-align: left; }
		th { background: #3498db; color: white; }
	</style>
</head>
<body>

<div class="container">
	<h1>🔄 Import Wialon - 7 derniers jours</h1>
	<p><strong>Démarrage:</strong> <span style="color: #3498db;">17/03/2026 15:01:56</span></p>

<div class="log info">Connexion à Wialon...</div><div class="log success">✅ Session créée: 09ff29333e533b7263f1...</div><div class="log info">Traitement: <strong>BOUTCHRAFINE</strong></div><div class="log success">✅ BOUTCHRAFINE: 4 trajets insérés (2 tables)</div><div class="log info">Traitement: <strong>SOMATRIN</strong></div><div class="log">⚠️ Pas de données pour SOMATRIN</div><div class="log info">Traitement: <strong>MARATRANS</strong></div><div class="log success">✅ MARATRANS: 0 trajets insérés (0 tables)</div><div class="log info">Traitement: <strong>G.T.C</strong></div><div class="log">⚠️ Pas de données pour G.T.C</div><div class="log info">Traitement: <strong>DOUKALI</strong></div><div class="log">⚠️ Pas de données pour DOUKALI</div><div class="log info">Traitement: <strong>COTRAMAB</strong></div><div class="log success">✅ COTRAMAB: 0 trajets insérés (0 tables)</div><div class="log info">Traitement: <strong>CORYAD</strong></div><div class="log success">✅ CORYAD: 0 trajets insérés (0 tables)</div><div class="log info">Traitement: <strong>CONSMETA</strong></div><div class="log">⚠️ Pas de données pour CONSMETA</div><div class="log info">Traitement: <strong>CHOUROUK</strong></div><div class="log success">✅ CHOUROUK: 0 trajets insérés (0 tables)</div><div class="log info">Traitement: <strong>CARRE</strong></div><div class="log">⚠️ Pas de données pour CARRE</div><div class="log info">Traitement: <strong>STB</strong></div><div class="log">⚠️ Pas de données pour STB</div><div class="log info">Traitement: <strong>FASTTRANS</strong></div><div class="log success">✅ FASTTRANS: 0 trajets insérés (0 tables)</div><h2>📊 Résumé</h2><table><tr><th>Groupe</th><th>Trajets Insérés</th></tr><tr><td>BOUTCHRAFINE</td><td style="color: #27ae60; font-weight: bold;">4</td></tr><tr><td>SOMATRIN</td><td style="color: #95a5a6; font-weight: bold;">0</td></tr><tr><td>MARATRANS</td><td style="color: #95a5a6; font-weight: bold;">0</td></tr><tr><td>G.T.C</td><td style="color: #95a5a6; font-weight: bold;">0</td></tr><tr><td>DOUKALI</td><td style="color: #95a5a6; font-weight: bold;">0</td></tr><tr><td>COTRAMAB</td><td style="color: #95a5a6; font-weight: bold;">0</td></tr><tr><td>CORYAD</td><td style="color: #95a5a6; font-weight: bold;">0</td></tr><tr><td>CONSMETA</td><td style="color: #95a5a6; font-weight: bold;">0</td></tr><tr><td>CHOUROUK</td><td style="color: #95a5a6; font-weight: bold;">0</td></tr><tr><td>CARRE</td><td style="color: #95a5a6; font-weight: bold;">0</td></tr><tr><td>STB</td><td style="color: #95a5a6; font-weight: bold;">0</td></tr><tr><td>FASTTRANS</td><td style="color: #95a5a6; font-weight: bold;">0</td></tr></table><div class="summary"><p>✅ <strong>Importation terminée!</strong></p><p>📋 Tables traitées: <strong>2</strong></p><p>🚗 Trajets insérés: <strong style="font-size: 1.3em;">4</strong></p></div><p><strong>Fin:</strong> <span style="color: #e74c3c;">17/03/2026 15:02:43</span></p><p><a href="check_trajets.php" style="background: #3498db; color: white; padding: 10px 20px; text-decoration: none; border-radius: 5px; display: inline-block;">📊 Voir les données</a></p>
</div>

</body>
</html>