[2026-03-23 09:56:11] === IMPORT START ===
[2026-03-23 09:56:11] Connecting to Wialon...
[2026-03-23 09:56:11] Session created: 091a258b2030b386f32a
[2026-03-23 09:56:11] Processing: BOUTCHRAFINE (Group ID: 19022033)
[2026-03-23 09:56:26] BOUTCHRAFINE: 0 trips inserted from 3 tables
[2026-03-23 09:56:26] Processing: SOMATRIN (Group ID: 19596491)
[2026-03-23 09:56:27] No data for SOMATRIN
[2026-03-23 09:56:27] Processing: MARATRANS (Group ID: 19631505)
[2026-03-23 09:56:29] MARATRANS: 0 trips inserted from 0 tables
[2026-03-23 09:56:29] Processing: G.T.C (Group ID: 19590737)
[2026-03-23 09:56:31] No data for G.T.C
[2026-03-23 09:56:31] Processing: DOUKALI (Group ID: 19585587)
[2026-03-23 09:56:34] No data for DOUKALI
[2026-03-23 09:56:34] Processing: COTRAMAB (Group ID: 19585601)
[2026-03-23 09:56:37] COTRAMAB: 0 trips inserted from 0 tables
[2026-03-23 09:56:37] Processing: CORYAD (Group ID: 19585581)
[2026-03-23 09:56:39] CORYAD: 0 trips inserted from 0 tables
[2026-03-23 09:56:39] Processing: CONSMETA (Group ID: 19629962)
[2026-03-23 09:56:40] No data for CONSMETA
[2026-03-23 09:56:40] Processing: CHOUROUK (Group ID: 19630023)
[2026-03-23 09:56:42] CHOUROUK: 0 trips inserted from 0 tables
[2026-03-23 09:56:42] Processing: CARRE (Group ID: 19643391)
[2026-03-23 09:56:43] No data for CARRE
[2026-03-23 09:56:43] Processing: STB (Group ID: 19585942)
[2026-03-23 09:56:45] No data for STB
[2026-03-23 09:56:45] Processing: FASTTRANS (Group ID: 19635796)
[2026-03-23 09:56:47] FASTTRANS: 0 trips inserted from 0 tables
[2026-03-23 09:56:47] Database verification: 39 total trips
[2026-03-23 09:56:47] === IMPORT END - Total: 0 trips ===

[2026-03-23 09:56:52] === IMPORT START ===
[2026-03-23 09:56:52] Connecting to Wialon...
[2026-03-23 09:56:53] Session created: 09bd59ad55caf07cea36
[2026-03-23 09:56:53] Processing: BOUTCHRAFINE (Group ID: 19022033)
[2026-03-23 09:57:08] BOUTCHRAFINE: 0 trips inserted from 3 tables
[2026-03-23 09:57:08] Processing: SOMATRIN (Group ID: 19596491)
[2026-03-23 09:57:09] No data for SOMATRIN
[2026-03-23 09:57:09] Processing: MARATRANS (Group ID: 19631505)
[2026-03-23 09:57:11] MARATRANS: 0 trips inserted from 0 tables
[2026-03-23 09:57:11] Processing: G.T.C (Group ID: 19590737)
[2026-03-23 09:57:13] No data for G.T.C
[2026-03-23 09:57:13] Processing: DOUKALI (Group ID: 19585587)
[2026-03-23 09:57:14] No data for DOUKALI
[2026-03-23 09:57:14] Processing: COTRAMAB (Group ID: 19585601)
[2026-03-23 09:57:16] COTRAMAB: 0 trips inserted from 0 tables
[2026-03-23 09:57:16] Processing: CORYAD (Group ID: 19585581)
[2026-03-23 09:57:18] CORYAD: 0 trips inserted from 0 tables
[2026-03-23 09:57:18] Processing: CONSMETA (Group ID: 19629962)
[2026-03-23 09:57:19] No data for CONSMETA
[2026-03-23 09:57:19] Processing: CHOUROUK (Group ID: 19630023)
[2026-03-23 09:57:21] CHOUROUK: 0 trips inserted from 0 tables
[2026-03-23 09:57:21] Processing: CARRE (Group ID: 19643391)
[2026-03-23 09:57:23] No data for CARRE
[2026-03-23 09:57:23] Processing: STB (Group ID: 19585942)
[2026-03-23 09:57:24] No data for STB
[2026-03-23 09:57:24] Processing: FASTTRANS (Group ID: 19635796)
[2026-03-23 09:57:26] FASTTRANS: 0 trips inserted from 0 tables
[2026-03-23 09:57:26] Database verification: 39 total trips
[2026-03-23 09:57:26] === IMPORT END - Total: 0 trips ===

[2026-03-23 09:57:32] === IMPORT START ===
[2026-03-23 09:57:32] Connecting to Wialon...
[2026-03-23 09:57:33] Session created: 0919dc8b2837cf3d14ac
[2026-03-23 09:57:33] Processing: BOUTCHRAFINE (Group ID: 19022033)
[2026-03-23 09:57:48] BOUTCHRAFINE: 0 trips inserted from 3 tables
[2026-03-23 09:57:48] Processing: SOMATRIN (Group ID: 19596491)
[2026-03-23 09:57:49] No data for SOMATRIN
[2026-03-23 09:57:49] Processing: MARATRANS (Group ID: 19631505)
[2026-03-23 09:57:51] MARATRANS: 0 trips inserted from 0 tables
[2026-03-23 09:57:51] Processing: G.T.C (Group ID: 19590737)
[2026-03-23 09:57:53] No data for G.T.C
[2026-03-23 09:57:53] Processing: DOUKALI (Group ID: 19585587)
[2026-03-23 09:57:54] No data for DOUKALI
[2026-03-23 09:57:54] Processing: COTRAMAB (Group ID: 19585601)
[2026-03-23 09:57:56] COTRAMAB: 0 trips inserted from 0 tables
[2026-03-23 09:57:56] Processing: CORYAD (Group ID: 19585581)
[2026-03-23 09:57:58] CORYAD: 0 trips inserted from 0 tables
[2026-03-23 09:57:58] Processing: CONSMETA (Group ID: 19629962)
[2026-03-23 09:57:59] No data for CONSMETA
[2026-03-23 09:57:59] Processing: CHOUROUK (Group ID: 19630023)
[2026-03-23 09:58:01] CHOUROUK: 0 trips inserted from 0 tables
[2026-03-23 09:58:01] Processing: CARRE (Group ID: 19643391)
[2026-03-23 09:58:03] No data for CARRE
[2026-03-23 09:58:03] Processing: STB (Group ID: 19585942)
[2026-03-23 09:58:04] No data for STB
[2026-03-23 09:58:04] Processing: FASTTRANS (Group ID: 19635796)
[2026-03-23 09:58:06] FASTTRANS: 0 trips inserted from 0 tables
[2026-03-23 09:58:06] Database verification: 39 total trips
[2026-03-23 09:58:06] === IMPORT END - Total: 0 trips ===

[2026-03-23 09:58:12] === IMPORT START ===
[2026-03-23 09:58:12] Connecting to Wialon...
[2026-03-23 09:58:13] Session created: 09f4a6d554a1f1e9f4cf
[2026-03-23 09:58:13] Processing: BOUTCHRAFINE (Group ID: 19022033)
[2026-03-23 09:58:28] BOUTCHRAFINE: 0 trips inserted from 3 tables
[2026-03-23 09:58:28] Processing: SOMATRIN (Group ID: 19596491)
[2026-03-23 09:58:30] No data for SOMATRIN
[2026-03-23 09:58:30] Processing: MARATRANS (Group ID: 19631505)
[2026-03-23 09:58:32] MARATRANS: 0 trips inserted from 0 tables
[2026-03-23 09:58:32] Processing: G.T.C (Group ID: 19590737)
[2026-03-23 09:58:33] No data for G.T.C
[2026-03-23 09:58:33] Processing: DOUKALI (Group ID: 19585587)
[2026-03-23 09:58:35] No data for DOUKALI
[2026-03-23 09:58:35] Processing: COTRAMAB (Group ID: 19585601)
[2026-03-23 09:58:37] COTRAMAB: 0 trips inserted from 0 tables
[2026-03-23 09:58:37] Processing: CORYAD (Group ID: 19585581)
[2026-03-23 09:58:39] CORYAD: 0 trips inserted from 0 tables
[2026-03-23 09:58:39] Processing: CONSMETA (Group ID: 19629962)
[2026-03-23 09:58:40] No data for CONSMETA
[2026-03-23 09:58:40] Processing: CHOUROUK (Group ID: 19630023)
[2026-03-23 09:58:42] CHOUROUK: 0 trips inserted from 0 tables
[2026-03-23 09:58:42] Processing: CARRE (Group ID: 19643391)
[2026-03-23 09:58:43] No data for CARRE
[2026-03-23 09:58:43] Processing: STB (Group ID: 19585942)
[2026-03-23 09:58:45] No data for STB
[2026-03-23 09:58:45] Processing: FASTTRANS (Group ID: 19635796)
[2026-03-23 09:58:47] FASTTRANS: 0 trips inserted from 0 tables
[2026-03-23 09:58:47] Database verification: 39 total trips
[2026-03-23 09:58:47] === IMPORT END - Total: 0 trips ===

[2026-03-23 09:58:52] === IMPORT START ===
[2026-03-23 09:58:52] Connecting to Wialon...
[2026-03-23 09:58:52] Session created: 09dbf3fd66479477e243
[2026-03-23 09:58:52] Processing: BOUTCHRAFINE (Group ID: 19022033)
[2026-03-23 09:59:07] BOUTCHRAFINE: 0 trips inserted from 3 tables
[2026-03-23 09:59:07] Processing: SOMATRIN (Group ID: 19596491)
[2026-03-23 09:59:09] No data for SOMATRIN
[2026-03-23 09:59:09] Processing: MARATRANS (Group ID: 19631505)
[2026-03-23 09:59:10] MARATRANS: 0 trips inserted from 0 tables
[2026-03-23 09:59:10] Processing: G.T.C (Group ID: 19590737)
[2026-03-23 09:59:12] No data for G.T.C
[2026-03-23 09:59:12] Processing: DOUKALI (Group ID: 19585587)
[2026-03-23 09:59:13] No data for DOUKALI
[2026-03-23 09:59:13] Processing: COTRAMAB (Group ID: 19585601)
[2026-03-23 09:59:15] COTRAMAB: 0 trips inserted from 0 tables
[2026-03-23 09:59:15] Processing: CORYAD (Group ID: 19585581)
[2026-03-23 09:59:17] CORYAD: 0 trips inserted from 0 tables
[2026-03-23 09:59:17] Processing: CONSMETA (Group ID: 19629962)
[2026-03-23 09:59:19] No data for CONSMETA
[2026-03-23 09:59:19] Processing: CHOUROUK (Group ID: 19630023)
[2026-03-23 09:59:21] CHOUROUK: 0 trips inserted from 0 tables
[2026-03-23 09:59:21] Processing: CARRE (Group ID: 19643391)
[2026-03-23 09:59:22] No data for CARRE
[2026-03-23 09:59:22] Processing: STB (Group ID: 19585942)
[2026-03-23 09:59:24] No data for STB
[2026-03-23 09:59:24] Processing: FASTTRANS (Group ID: 19635796)
[2026-03-23 09:59:25] FASTTRANS: 0 trips inserted from 0 tables
[2026-03-23 09:59:26] Database verification: 39 total trips
[2026-03-23 09:59:26] === IMPORT END - Total: 0 trips ===

[2026-03-23 09:59:31] === IMPORT START ===
[2026-03-23 09:59:31] Connecting to Wialon...
[2026-03-23 09:59:31] Session created: 094e82a38b7a684e36c3
[2026-03-23 09:59:31] Processing: BOUTCHRAFINE (Group ID: 19022033)
[2026-03-23 09:59:46] BOUTCHRAFINE: 0 trips inserted from 3 tables
[2026-03-23 09:59:46] Processing: SOMATRIN (Group ID: 19596491)
[2026-03-23 09:59:47] No data for SOMATRIN
[2026-03-23 09:59:47] Processing: MARATRANS (Group ID: 19631505)
[2026-03-23 09:59:50] MARATRANS: 0 trips inserted from 0 tables
[2026-03-23 09:59:50] Processing: G.T.C (Group ID: 19590737)
[2026-03-23 09:59:51] No data for G.T.C
[2026-03-23 09:59:51] Processing: DOUKALI (Group ID: 19585587)
[2026-03-23 09:59:53] No data for DOUKALI
[2026-03-23 09:59:53] Processing: COTRAMAB (Group ID: 19585601)
[2026-03-23 09:59:55] COTRAMAB: 0 trips inserted from 0 tables
[2026-03-23 09:59:55] Processing: CORYAD (Group ID: 19585581)
[2026-03-23 09:59:57] CORYAD: 0 trips inserted from 0 tables
[2026-03-23 09:59:57] Processing: CONSMETA (Group ID: 19629962)
[2026-03-23 09:59:58] No data for CONSMETA
[2026-03-23 09:59:58] Processing: CHOUROUK (Group ID: 19630023)
[2026-03-23 10:00:00] CHOUROUK: 0 trips inserted from 0 tables
[2026-03-23 10:00:00] Processing: CARRE (Group ID: 19643391)
[2026-03-23 10:00:01] No data for CARRE
[2026-03-23 10:00:01] Processing: STB (Group ID: 19585942)
[2026-03-23 10:00:03] No data for STB
[2026-03-23 10:00:03] Processing: FASTTRANS (Group ID: 19635796)
[2026-03-23 10:00:05] FASTTRANS: 0 trips inserted from 0 tables
[2026-03-23 10:00:05] Database verification: 39 total trips
[2026-03-23 10:00:05] === IMPORT END - Total: 0 trips ===

[2026-03-23 10:00:10] === IMPORT START ===
[2026-03-23 10:00:10] Connecting to Wialon...
[2026-03-23 10:00:10] Session created: 09f36ab9d6ddb1cb72b9
[2026-03-23 10:00:10] Processing: BOUTCHRAFINE (Group ID: 19022033)
[2026-03-23 10:00:28] BOUTCHRAFINE: 0 trips inserted from 3 tables
[2026-03-23 10:00:28] Processing: SOMATRIN (Group ID: 19596491)
[2026-03-23 10:00:29] No data for SOMATRIN
[2026-03-23 10:00:29] Processing: MARATRANS (Group ID: 19631505)
[2026-03-23 10:00:31] MARATRANS: 0 trips inserted from 0 tables
[2026-03-23 10:00:31] Processing: G.T.C (Group ID: 19590737)
[2026-03-23 10:00:32] No data for G.T.C
[2026-03-23 10:00:32] Processing: DOUKALI (Group ID: 19585587)
[2026-03-23 10:00:34] No data for DOUKALI
[2026-03-23 10:00:34] Processing: COTRAMAB (Group ID: 19585601)
[2026-03-23 10:00:36] COTRAMAB: 0 trips inserted from 0 tables
[2026-03-23 10:00:36] Processing: CORYAD (Group ID: 19585581)
[2026-03-23 10:00:38] CORYAD: 0 trips inserted from 0 tables
[2026-03-23 10:00:38] Processing: CONSMETA (Group ID: 19629962)
[2026-03-23 10:00:39] No data for CONSMETA
[2026-03-23 10:00:39] Processing: CHOUROUK (Group ID: 19630023)
[2026-03-23 10:00:41] CHOUROUK: 0 trips inserted from 0 tables
[2026-03-23 10:00:41] Processing: CARRE (Group ID: 19643391)
[2026-03-23 10:00:43] No data for CARRE
[2026-03-23 10:00:43] Processing: STB (Group ID: 19585942)
[2026-03-23 10:00:44] No data for STB
[2026-03-23 10:00:44] Processing: FASTTRANS (Group ID: 19635796)
[2026-03-23 10:00:46] FASTTRANS: 0 trips inserted from 0 tables
[2026-03-23 10:00:46] Database verification: 39 total trips
[2026-03-23 10:00:46] === IMPORT END - Total: 0 trips ===

[2026-03-23 10:00:52] === IMPORT START ===
[2026-03-23 10:00:52] Connecting to Wialon...
[2026-03-23 10:00:52] Session created: 097a2cfd3f688c7346b6
[2026-03-23 10:00:52] Processing: BOUTCHRAFINE (Group ID: 19022033)
[2026-03-23 10:01:09] BOUTCHRAFINE: 0 trips inserted from 3 tables
[2026-03-23 10:01:09] Processing: SOMATRIN (Group ID: 19596491)
[2026-03-23 10:01:10] No data for SOMATRIN
[2026-03-23 10:01:10] Processing: MARATRANS (Group ID: 19631505)
[2026-03-23 10:01:12] MARATRANS: 0 trips inserted from 0 tables
[2026-03-23 10:01:12] Processing: G.T.C (Group ID: 19590737)
[2026-03-23 10:01:13] No data for G.T.C
[2026-03-23 10:01:13] Processing: DOUKALI (Group ID: 19585587)
[2026-03-23 10:01:15] No data for DOUKALI
[2026-03-23 10:01:15] Processing: COTRAMAB (Group ID: 19585601)
[2026-03-23 10:01:18] COTRAMAB: 0 trips inserted from 0 tables
[2026-03-23 10:01:18] Processing: CORYAD (Group ID: 19585581)
[2026-03-23 10:01:20] CORYAD: 0 trips inserted from 0 tables
[2026-03-23 10:01:20] Processing: CONSMETA (Group ID: 19629962)
[2026-03-23 10:01:22] No data for CONSMETA
[2026-03-23 10:01:22] Processing: CHOUROUK (Group ID: 19630023)
[2026-03-23 10:01:23] CHOUROUK: 0 trips inserted from 0 tables
[2026-03-23 10:01:23] Processing: CARRE (Group ID: 19643391)
[2026-03-23 10:01:25] No data for CARRE
[2026-03-23 10:01:25] Processing: STB (Group ID: 19585942)
[2026-03-23 10:01:26] No data for STB
[2026-03-23 10:01:26] Processing: FASTTRANS (Group ID: 19635796)
[2026-03-23 10:01:28] FASTTRANS: 0 trips inserted from 0 tables
[2026-03-23 10:01:28] Database verification: 39 total trips
[2026-03-23 10:01:28] === IMPORT END - Total: 0 trips ===

[2026-03-23 10:01:34] === IMPORT START ===
[2026-03-23 10:01:34] Connecting to Wialon...
[2026-03-23 10:01:34] Session created: 094ab014a99b8fd478bc
[2026-03-23 10:01:34] Processing: BOUTCHRAFINE (Group ID: 19022033)
[2026-03-23 10:01:50] BOUTCHRAFINE: 0 trips inserted from 3 tables
[2026-03-23 10:01:50] Processing: SOMATRIN (Group ID: 19596491)
[2026-03-23 10:01:52] No data for SOMATRIN
[2026-03-23 10:01:52] Processing: MARATRANS (Group ID: 19631505)
[2026-03-23 10:01:54] MARATRANS: 0 trips inserted from 0 tables
[2026-03-23 10:01:54] Processing: G.T.C (Group ID: 19590737)
[2026-03-23 10:01:55] No data for G.T.C
[2026-03-23 10:01:55] Processing: DOUKALI (Group ID: 19585587)
[2026-03-23 10:01:57] No data for DOUKALI
[2026-03-23 10:01:57] Processing: COTRAMAB (Group ID: 19585601)
[2026-03-23 10:01:58] COTRAMAB: 0 trips inserted from 0 tables
[2026-03-23 10:01:58] Processing: CORYAD (Group ID: 19585581)
[2026-03-23 10:02:00] CORYAD: 0 trips inserted from 0 tables
[2026-03-23 10:02:00] Processing: CONSMETA (Group ID: 19629962)
[2026-03-23 10:02:02] No data for CONSMETA
[2026-03-23 10:02:02] Processing: CHOUROUK (Group ID: 19630023)
[2026-03-23 10:02:04] CHOUROUK: 0 trips inserted from 0 tables
[2026-03-23 10:02:04] Processing: CARRE (Group ID: 19643391)
[2026-03-23 10:02:05] No data for CARRE
[2026-03-23 10:02:05] Processing: STB (Group ID: 19585942)
[2026-03-23 10:02:07] No data for STB
[2026-03-23 10:02:07] Processing: FASTTRANS (Group ID: 19635796)
[2026-03-23 10:02:09] FASTTRANS: 0 trips inserted from 0 tables
[2026-03-23 10:02:09] Database verification: 39 total trips
[2026-03-23 10:02:09] === IMPORT END - Total: 0 trips ===

[2026-03-23 10:02:14] === IMPORT START ===
[2026-03-23 10:02:14] Connecting to Wialon...
[2026-03-23 10:02:14] Session created: 09263e4cd66335405112
[2026-03-23 10:02:14] Processing: BOUTCHRAFINE (Group ID: 19022033)
[2026-03-23 10:02:30] BOUTCHRAFINE: 0 trips inserted from 3 tables
[2026-03-23 10:02:30] Processing: SOMATRIN (Group ID: 19596491)
[2026-03-23 10:02:32] No data for SOMATRIN
[2026-03-23 10:02:32] Processing: MARATRANS (Group ID: 19631505)
[2026-03-23 10:02:34] MARATRANS: 0 trips inserted from 0 tables
[2026-03-23 10:02:34] Processing: G.T.C (Group ID: 19590737)
[2026-03-23 10:02:35] No data for G.T.C
[2026-03-23 10:02:35] Processing: DOUKALI (Group ID: 19585587)
[2026-03-23 10:02:36] No data for DOUKALI
[2026-03-23 10:02:36] Processing: COTRAMAB (Group ID: 19585601)
[2026-03-23 10:02:38] COTRAMAB: 0 trips inserted from 0 tables
[2026-03-23 10:02:38] Processing: CORYAD (Group ID: 19585581)
[2026-03-23 10:02:40] CORYAD: 0 trips inserted from 0 tables
[2026-03-23 10:02:40] Processing: CONSMETA (Group ID: 19629962)
[2026-03-23 10:02:42] No data for CONSMETA
[2026-03-23 10:02:42] Processing: CHOUROUK (Group ID: 19630023)
[2026-03-23 10:02:44] CHOUROUK: 0 trips inserted from 0 tables
[2026-03-23 10:02:44] Processing: CARRE (Group ID: 19643391)
[2026-03-23 10:02:45] No data for CARRE
[2026-03-23 10:02:45] Processing: STB (Group ID: 19585942)
[2026-03-23 10:02:47] No data for STB
[2026-03-23 10:02:47] Processing: FASTTRANS (Group ID: 19635796)
[2026-03-23 10:02:49] FASTTRANS: 0 trips inserted from 0 tables
[2026-03-23 10:02:49] Database verification: 39 total trips
[2026-03-23 10:02:49] === IMPORT END - Total: 0 trips ===

[2026-03-23 10:02:54] === IMPORT START ===
[2026-03-23 10:02:54] Connecting to Wialon...
[2026-03-23 10:02:54] Session created: 09ae0fa09d8a9efc0574
[2026-03-23 10:02:54] Processing: BOUTCHRAFINE (Group ID: 19022033)
[2026-03-23 10:03:09] BOUTCHRAFINE: 0 trips inserted from 3 tables
[2026-03-23 10:03:09] Processing: SOMATRIN (Group ID: 19596491)
[2026-03-23 10:03:11] No data for SOMATRIN
[2026-03-23 10:03:11] Processing: MARATRANS (Group ID: 19631505)
[2026-03-23 10:03:13] MARATRANS: 0 trips inserted from 0 tables
[2026-03-23 10:03:13] Processing: G.T.C (Group ID: 19590737)
[2026-03-23 10:03:14] No data for G.T.C
[2026-03-23 10:03:14] Processing: DOUKALI (Group ID: 19585587)
[2026-03-23 10:03:16] No data for DOUKALI
[2026-03-23 10:03:16] Processing: COTRAMAB (Group ID: 19585601)
[2026-03-23 10:03:18] COTRAMAB: 0 trips inserted from 0 tables
[2026-03-23 10:03:18] Processing: CORYAD (Group ID: 19585581)
[2026-03-23 10:03:20] CORYAD: 0 trips inserted from 0 tables
[2026-03-23 10:03:20] Processing: CONSMETA (Group ID: 19629962)
[2026-03-23 10:03:21] No data for CONSMETA
[2026-03-23 10:03:21] Processing: CHOUROUK (Group ID: 19630023)
[2026-03-23 10:03:23] CHOUROUK: 0 trips inserted from 0 tables
[2026-03-23 10:03:23] Processing: CARRE (Group ID: 19643391)
[2026-03-23 10:03:25] No data for CARRE
[2026-03-23 10:03:25] Processing: STB (Group ID: 19585942)
[2026-03-23 10:03:26] No data for STB
[2026-03-23 10:03:26] Processing: FASTTRANS (Group ID: 19635796)
[2026-03-23 10:03:28] FASTTRANS: 0 trips inserted from 0 tables
[2026-03-23 10:03:28] Database verification: 39 total trips
[2026-03-23 10:03:28] === IMPORT END - Total: 0 trips ===

[2026-03-23 10:03:33] === IMPORT START ===
[2026-03-23 10:03:33] Connecting to Wialon...
[2026-03-23 10:03:33] Session created: 096ea359e1d74cfcaa9e
[2026-03-23 10:03:33] Processing: BOUTCHRAFINE (Group ID: 19022033)
[2026-03-23 10:03:48] BOUTCHRAFINE: 0 trips inserted from 3 tables
[2026-03-23 10:03:48] Processing: SOMATRIN (Group ID: 19596491)
[2026-03-23 10:03:50] No data for SOMATRIN
[2026-03-23 10:03:50] Processing: MARATRANS (Group ID: 19631505)
[2026-03-23 10:03:51] MARATRANS: 0 trips inserted from 0 tables
[2026-03-23 10:03:51] Processing: G.T.C (Group ID: 19590737)
[2026-03-23 10:03:53] No data for G.T.C
[2026-03-23 10:03:53] Processing: DOUKALI (Group ID: 19585587)
[2026-03-23 10:03:54] No data for DOUKALI
[2026-03-23 10:03:54] Processing: COTRAMAB (Group ID: 19585601)
[2026-03-23 10:03:56] COTRAMAB: 0 trips inserted from 0 tables
[2026-03-23 10:03:56] Processing: CORYAD (Group ID: 19585581)
[2026-03-23 10:03:58] CORYAD: 0 trips inserted from 0 tables
[2026-03-23 10:03:58] Processing: CONSMETA (Group ID: 19629962)
[2026-03-23 10:04:00] No data for CONSMETA
[2026-03-23 10:04:00] Processing: CHOUROUK (Group ID: 19630023)
[2026-03-23 10:04:02] CHOUROUK: 0 trips inserted from 0 tables
[2026-03-23 10:04:02] Processing: CARRE (Group ID: 19643391)
[2026-03-23 10:04:03] No data for CARRE
[2026-03-23 10:04:03] Processing: STB (Group ID: 19585942)
[2026-03-23 10:04:05] No data for STB
[2026-03-23 10:04:05] Processing: FASTTRANS (Group ID: 19635796)
[2026-03-23 10:04:07] FASTTRANS: 0 trips inserted from 0 tables
[2026-03-23 10:04:07] Database verification: 39 total trips
[2026-03-23 10:04:07] === IMPORT END - Total: 0 trips ===

[2026-03-23 10:04:12] === IMPORT START ===
[2026-03-23 10:04:12] Connecting to Wialon...
[2026-03-23 10:04:12] Session created: 09dff1d06b5a6e9b5759
[2026-03-23 10:04:12] Processing: BOUTCHRAFINE (Group ID: 19022033)
[2026-03-23 10:04:27] BOUTCHRAFINE: 0 trips inserted from 3 tables
[2026-03-23 10:04:27] Processing: SOMATRIN (Group ID: 19596491)
[2026-03-23 10:04:29] No data for SOMATRIN
[2026-03-23 10:04:29] Processing: MARATRANS (Group ID: 19631505)
[2026-03-23 10:04:31] MARATRANS: 0 trips inserted from 0 tables
[2026-03-23 10:04:31] Processing: G.T.C (Group ID: 19590737)
[2026-03-23 10:04:32] No data for G.T.C
[2026-03-23 10:04:32] Processing: DOUKALI (Group ID: 19585587)
[2026-03-23 10:04:34] No data for DOUKALI
[2026-03-23 10:04:34] Processing: COTRAMAB (Group ID: 19585601)
[2026-03-23 10:04:36] COTRAMAB: 0 trips inserted from 0 tables
[2026-03-23 10:04:36] Processing: CORYAD (Group ID: 19585581)
[2026-03-23 10:04:38] CORYAD: 0 trips inserted from 0 tables
[2026-03-23 10:04:38] Processing: CONSMETA (Group ID: 19629962)
[2026-03-23 10:04:39] No data for CONSMETA
[2026-03-23 10:04:39] Processing: CHOUROUK (Group ID: 19630023)
[2026-03-23 10:04:41] CHOUROUK: 0 trips inserted from 0 tables
[2026-03-23 10:04:41] Processing: CARRE (Group ID: 19643391)
[2026-03-23 10:04:42] No data for CARRE
[2026-03-23 10:04:42] Processing: STB (Group ID: 19585942)
[2026-03-23 10:04:44] No data for STB
[2026-03-23 10:04:44] Processing: FASTTRANS (Group ID: 19635796)
[2026-03-23 10:04:46] FASTTRANS: 0 trips inserted from 0 tables
[2026-03-23 10:04:46] Database verification: 39 total trips
[2026-03-23 10:04:46] === IMPORT END - Total: 0 trips ===

[2026-03-23 10:04:51] === IMPORT START ===
[2026-03-23 10:04:51] Connecting to Wialon...
[2026-03-23 10:04:51] Session created: 09fbc2a336219566bb95
[2026-03-23 10:04:51] Processing: BOUTCHRAFINE (Group ID: 19022033)
[2026-03-23 10:05:06] BOUTCHRAFINE: 0 trips inserted from 3 tables
[2026-03-23 10:05:06] Processing: SOMATRIN (Group ID: 19596491)
[2026-03-23 10:05:08] No data for SOMATRIN
[2026-03-23 10:05:08] Processing: MARATRANS (Group ID: 19631505)
[2026-03-23 10:05:10] MARATRANS: 0 trips inserted from 0 tables
[2026-03-23 10:05:10] Processing: G.T.C (Group ID: 19590737)
[2026-03-23 10:05:12] No data for G.T.C
[2026-03-23 10:05:12] Processing: DOUKALI (Group ID: 19585587)
[2026-03-23 10:05:13] No data for DOUKALI
[2026-03-23 10:05:13] Processing: COTRAMAB (Group ID: 19585601)
[2026-03-23 10:05:15] COTRAMAB: 0 trips inserted from 0 tables
[2026-03-23 10:05:15] Processing: CORYAD (Group ID: 19585581)
[2026-03-23 10:05:17] CORYAD: 0 trips inserted from 0 tables
[2026-03-23 10:05:17] Processing: CONSMETA (Group ID: 19629962)
[2026-03-23 10:05:19] No data for CONSMETA
[2026-03-23 10:05:19] Processing: CHOUROUK (Group ID: 19630023)
[2026-03-23 10:05:21] CHOUROUK: 0 trips inserted from 0 tables
[2026-03-23 10:05:21] Processing: CARRE (Group ID: 19643391)
[2026-03-23 10:05:23] No data for CARRE
[2026-03-23 10:05:23] Processing: STB (Group ID: 19585942)
[2026-03-23 10:05:24] No data for STB
[2026-03-23 10:05:24] Processing: FASTTRANS (Group ID: 19635796)
[2026-03-23 10:05:26] FASTTRANS: 0 trips inserted from 0 tables
[2026-03-23 10:05:26] Database verification: 39 total trips
[2026-03-23 10:05:26] === IMPORT END - Total: 0 trips ===

[2026-03-23 10:05:32] === IMPORT START ===
[2026-03-23 10:05:32] Connecting to Wialon...
[2026-03-23 10:05:32] Session created: 092a2d93c412caa9d8e1
[2026-03-23 10:05:32] Processing: BOUTCHRAFINE (Group ID: 19022033)
[2026-03-23 10:05:47] BOUTCHRAFINE: 0 trips inserted from 3 tables
[2026-03-23 10:05:47] Processing: SOMATRIN (Group ID: 19596491)
[2026-03-23 10:05:48] No data for SOMATRIN
[2026-03-23 10:05:48] Processing: MARATRANS (Group ID: 19631505)
[2026-03-23 10:05:50] MARATRANS: 0 trips inserted from 0 tables
[2026-03-23 10:05:50] Processing: G.T.C (Group ID: 19590737)
[2026-03-23 10:05:52] No data for G.T.C
[2026-03-23 10:05:52] Processing: DOUKALI (Group ID: 19585587)
[2026-03-23 10:05:53] No data for DOUKALI
[2026-03-23 10:05:53] Processing: COTRAMAB (Group ID: 19585601)
[2026-03-23 10:05:55] COTRAMAB: 0 trips inserted from 0 tables
[2026-03-23 10:05:55] Processing: CORYAD (Group ID: 19585581)
[2026-03-23 10:05:57] CORYAD: 0 trips inserted from 0 tables
[2026-03-23 10:05:57] Processing: CONSMETA (Group ID: 19629962)
[2026-03-23 10:05:58] No data for CONSMETA
[2026-03-23 10:05:58] Processing: CHOUROUK (Group ID: 19630023)
[2026-03-23 10:06:00] CHOUROUK: 0 trips inserted from 0 tables
[2026-03-23 10:06:00] Processing: CARRE (Group ID: 19643391)
[2026-03-23 10:06:02] No data for CARRE
[2026-03-23 10:06:02] Processing: STB (Group ID: 19585942)
[2026-03-23 10:06:03] No data for STB
[2026-03-23 10:06:03] Processing: FASTTRANS (Group ID: 19635796)
[2026-03-23 10:06:05] FASTTRANS: 0 trips inserted from 0 tables
[2026-03-23 10:06:05] Database verification: 39 total trips
[2026-03-23 10:06:05] === IMPORT END - Total: 0 trips ===

[2026-03-23 10:06:10] === IMPORT START ===
[2026-03-23 10:06:10] Connecting to Wialon...
[2026-03-23 10:06:10] Session created: 091347962ed5662d3816
[2026-03-23 10:06:10] Processing: BOUTCHRAFINE (Group ID: 19022033)
[2026-03-23 10:06:25] BOUTCHRAFINE: 0 trips inserted from 3 tables
[2026-03-23 10:06:25] Processing: SOMATRIN (Group ID: 19596491)
[2026-03-23 10:06:26] No data for SOMATRIN
[2026-03-23 10:06:26] Processing: MARATRANS (Group ID: 19631505)
[2026-03-23 10:06:28] MARATRANS: 0 trips inserted from 0 tables
[2026-03-23 10:06:28] Processing: G.T.C (Group ID: 19590737)
[2026-03-23 10:06:30] No data for G.T.C
[2026-03-23 10:06:30] Processing: DOUKALI (Group ID: 19585587)
[2026-03-23 10:06:31] No data for DOUKALI
[2026-03-23 10:06:31] Processing: COTRAMAB (Group ID: 19585601)
[2026-03-23 10:06:33] COTRAMAB: 0 trips inserted from 0 tables
[2026-03-23 10:06:33] Processing: CORYAD (Group ID: 19585581)
[2026-03-23 10:06:35] CORYAD: 0 trips inserted from 0 tables
[2026-03-23 10:06:35] Processing: CONSMETA (Group ID: 19629962)
[2026-03-23 10:06:36] No data for CONSMETA
[2026-03-23 10:06:36] Processing: CHOUROUK (Group ID: 19630023)
[2026-03-23 10:06:38] CHOUROUK: 0 trips inserted from 0 tables
[2026-03-23 10:06:38] Processing: CARRE (Group ID: 19643391)
[2026-03-23 10:06:40] No data for CARRE
[2026-03-23 10:06:40] Processing: STB (Group ID: 19585942)
[2026-03-23 10:06:41] No data for STB
[2026-03-23 10:06:41] Processing: FASTTRANS (Group ID: 19635796)
[2026-03-23 10:06:43] FASTTRANS: 0 trips inserted from 0 tables
[2026-03-23 10:06:43] Database verification: 39 total trips
[2026-03-23 10:06:43] === IMPORT END - Total: 0 trips ===

[2026-03-23 10:06:48] === IMPORT START ===
[2026-03-23 10:06:48] Connecting to Wialon...
[2026-03-23 10:06:48] Session created: 097d9ba1ef94e46908c2
[2026-03-23 10:06:48] Processing: BOUTCHRAFINE (Group ID: 19022033)
[2026-03-23 10:07:03] BOUTCHRAFINE: 0 trips inserted from 3 tables
[2026-03-23 10:07:03] Processing: SOMATRIN (Group ID: 19596491)
[2026-03-23 10:07:05] No data for SOMATRIN
[2026-03-23 10:07:05] Processing: MARATRANS (Group ID: 19631505)
[2026-03-23 10:07:07] MARATRANS: 0 trips inserted from 0 tables
[2026-03-23 10:07:07] Processing: G.T.C (Group ID: 19590737)
[2026-03-23 10:07:08] No data for G.T.C
[2026-03-23 10:07:08] Processing: DOUKALI (Group ID: 19585587)
[2026-03-23 10:07:09] No data for DOUKALI
[2026-03-23 10:07:09] Processing: COTRAMAB (Group ID: 19585601)
[2026-03-23 10:07:11] COTRAMAB: 0 trips inserted from 0 tables
[2026-03-23 10:07:11] Processing: CORYAD (Group ID: 19585581)
[2026-03-23 10:07:14] CORYAD: 0 trips inserted from 0 tables
[2026-03-23 10:07:14] Processing: CONSMETA (Group ID: 19629962)
[2026-03-23 10:07:15] No data for CONSMETA
[2026-03-23 10:07:15] Processing: CHOUROUK (Group ID: 19630023)
[2026-03-23 10:07:17] CHOUROUK: 0 trips inserted from 0 tables
[2026-03-23 10:07:17] Processing: CARRE (Group ID: 19643391)
[2026-03-23 10:07:19] No data for CARRE
[2026-03-23 10:07:19] Processing: STB (Group ID: 19585942)
[2026-03-23 10:07:20] No data for STB
[2026-03-23 10:07:20] Processing: FASTTRANS (Group ID: 19635796)
[2026-03-23 10:07:22] FASTTRANS: 0 trips inserted from 0 tables
[2026-03-23 10:07:22] Database verification: 39 total trips
[2026-03-23 10:07:22] === IMPORT END - Total: 0 trips ===

[2026-03-23 10:07:27] === IMPORT START ===
[2026-03-23 10:07:27] Connecting to Wialon...
[2026-03-23 10:07:27] Session created: 098645df76d5d4bf013b
[2026-03-23 10:07:27] Processing: BOUTCHRAFINE (Group ID: 19022033)
[2026-03-23 10:07:42] BOUTCHRAFINE: 0 trips inserted from 3 tables
[2026-03-23 10:07:42] Processing: SOMATRIN (Group ID: 19596491)
[2026-03-23 10:07:44] No data for SOMATRIN
[2026-03-23 10:07:44] Processing: MARATRANS (Group ID: 19631505)
[2026-03-23 10:07:46] MARATRANS: 0 trips inserted from 0 tables
[2026-03-23 10:07:46] Processing: G.T.C (Group ID: 19590737)
[2026-03-23 10:07:47] No data for G.T.C
[2026-03-23 10:07:47] Processing: DOUKALI (Group ID: 19585587)
[2026-03-23 10:07:49] No data for DOUKALI
[2026-03-23 10:07:49] Processing: COTRAMAB (Group ID: 19585601)
[2026-03-23 10:07:50] COTRAMAB: 0 trips inserted from 0 tables
[2026-03-23 10:07:50] Processing: CORYAD (Group ID: 19585581)
[2026-03-23 10:07:52] CORYAD: 0 trips inserted from 0 tables
[2026-03-23 10:07:52] Processing: CONSMETA (Group ID: 19629962)
[2026-03-23 10:07:54] No data for CONSMETA
[2026-03-23 10:07:54] Processing: CHOUROUK (Group ID: 19630023)
[2026-03-23 10:07:56] CHOUROUK: 0 trips inserted from 0 tables
[2026-03-23 10:07:56] Processing: CARRE (Group ID: 19643391)
[2026-03-23 10:07:57] No data for CARRE
[2026-03-23 10:07:57] Processing: STB (Group ID: 19585942)
[2026-03-23 10:07:59] No data for STB
[2026-03-23 10:07:59] Processing: FASTTRANS (Group ID: 19635796)
[2026-03-23 10:08:01] FASTTRANS: 0 trips inserted from 0 tables
[2026-03-23 10:08:01] Database verification: 39 total trips
[2026-03-23 10:08:01] === IMPORT END - Total: 0 trips ===

[2026-03-23 10:31:21] [info] === IMPORT CYCLE COMMENCÉ ===
[2026-03-23 10:31:21] [info] Heure du système: 2026-03-23 10:31:21
[2026-03-23 10:31:21] [info] Connexion à Wialon...
[2026-03-23 10:31:26] [info] === IMPORT CYCLE COMMENCÉ ===
[2026-03-23 10:31:26] [info] Heure du système: 2026-03-23 10:31:26
[2026-03-23 10:31:26] [info] Connexion à Wialon...
[2026-03-23 10:31:31] [info] === IMPORT CYCLE COMMENCÉ ===
[2026-03-23 10:31:31] [info] Heure du système: 2026-03-23 10:31:31
[2026-03-23 10:31:31] [info] Connexion à Wialon...
[2026-03-23 10:31:36] [info] === IMPORT CYCLE COMMENCÉ ===
[2026-03-23 10:31:36] [info] Heure du système: 2026-03-23 10:31:36
[2026-03-23 10:31:36] [info] Connexion à Wialon...
[2026-03-23 10:31:41] [info] === IMPORT CYCLE COMMENCÉ ===
[2026-03-23 10:31:41] [info] Heure du système: 2026-03-23 10:31:41
[2026-03-23 10:31:41] [info] Connexion à Wialon...
[2026-03-23 10:31:46] [info] === IMPORT CYCLE COMMENCÉ ===
[2026-03-23 10:31:46] [info] Heure du système: 2026-03-23 10:31:46
[2026-03-23 10:31:46] [info] Connexion à Wialon...
[2026-03-23 10:31:51] [info] === IMPORT CYCLE COMMENCÉ ===
[2026-03-23 10:31:51] [info] Heure du système: 2026-03-23 10:31:51
[2026-03-23 10:31:51] [info] Connexion à Wialon...
[2026-03-23 10:31:56] [info] === IMPORT CYCLE COMMENCÉ ===
[2026-03-23 10:31:56] [info] Heure du système: 2026-03-23 10:31:56
[2026-03-23 10:31:56] [info] Connexion à Wialon...
[2026-03-23 10:32:01] [info] === IMPORT CYCLE COMMENCÉ ===
[2026-03-23 10:32:01] [info] Heure du système: 2026-03-23 10:32:01
[2026-03-23 10:32:01] [info] Connexion à Wialon...
[2026-03-23 10:32:06] [info] === IMPORT CYCLE COMMENCÉ ===
[2026-03-23 10:32:06] [info] Heure du système: 2026-03-23 10:32:06
[2026-03-23 10:32:06] [info] Connexion à Wialon...
[2026-03-23 10:32:11] [info] === IMPORT CYCLE COMMENCÉ ===
[2026-03-23 10:32:11] [info] Heure du système: 2026-03-23 10:32:11
[2026-03-23 10:32:11] [info] Connexion à Wialon...
[2026-03-23 10:32:16] [info] === IMPORT CYCLE COMMENCÉ ===
[2026-03-23 10:32:16] [info] Heure du système: 2026-03-23 10:32:16
[2026-03-23 10:32:16] [info] Connexion à Wialon...
[2026-03-23 10:32:21] [info] === IMPORT CYCLE COMMENCÉ ===
[2026-03-23 10:32:21] [info] Heure du système: 2026-03-23 10:32:21
[2026-03-23 10:32:21] [info] Connexion à Wialon...
[2026-03-23 10:32:26] [info] === IMPORT CYCLE COMMENCÉ ===
[2026-03-23 10:32:26] [info] Heure du système: 2026-03-23 10:32:26
[2026-03-23 10:32:26] [info] Connexion à Wialon...
[2026-03-23 10:32:31] [info] === IMPORT CYCLE COMMENCÉ ===
[2026-03-23 10:32:31] [info] Heure du système: 2026-03-23 10:32:31
[2026-03-23 10:32:31] [info] Connexion à Wialon...
[2026-03-23 10:32:36] [info] === IMPORT CYCLE COMMENCÉ ===
[2026-03-23 10:32:36] [info] Heure du système: 2026-03-23 10:32:36
[2026-03-23 10:32:36] [info] Connexion à Wialon...
[2026-03-23 10:32:41] [info] === IMPORT CYCLE COMMENCÉ ===
[2026-03-23 10:32:41] [info] Heure du système: 2026-03-23 10:32:41
[2026-03-23 10:32:41] [info] Connexion à Wialon...
[2026-03-23 10:32:46] [info] === IMPORT CYCLE COMMENCÉ ===
[2026-03-23 10:32:46] [info] Heure du système: 2026-03-23 10:32:46
[2026-03-23 10:32:46] [info] Connexion à Wialon...
[2026-03-23 10:32:51] [info] === IMPORT CYCLE COMMENCÉ ===
[2026-03-23 10:32:51] [info] Heure du système: 2026-03-23 10:32:51
[2026-03-23 10:32:51] [info] Connexion à Wialon...
[2026-03-23 10:32:56] [info] === IMPORT CYCLE COMMENCÉ ===
[2026-03-23 10:32:56] [info] Heure du système: 2026-03-23 10:32:56
[2026-03-23 10:32:56] [info] Connexion à Wialon...
[2026-03-23 10:33:01] [info] === IMPORT CYCLE COMMENCÉ ===
[2026-03-23 10:33:01] [info] Heure du système: 2026-03-23 10:33:01
[2026-03-23 10:33:01] [info] Connexion à Wialon...
[2026-03-23 10:33:06] [info] === IMPORT CYCLE COMMENCÉ ===
[2026-03-23 10:33:06] [info] Heure du système: 2026-03-23 10:33:06
[2026-03-23 10:33:06] [info] Connexion à Wialon...
[2026-03-23 10:33:11] [info] === IMPORT CYCLE COMMENCÉ ===
[2026-03-23 10:33:11] [info] Heure du système: 2026-03-23 10:33:11
[2026-03-23 10:33:11] [info] Connexion à Wialon...
[2026-03-23 10:33:16] [info] === IMPORT CYCLE COMMENCÉ ===
[2026-03-23 10:33:16] [info] Heure du système: 2026-03-23 10:33:16
[2026-03-23 10:33:16] [info] Connexion à Wialon...
[2026-03-23 10:33:21] [info] === IMPORT CYCLE COMMENCÉ ===
[2026-03-23 10:33:21] [info] Heure du système: 2026-03-23 10:33:21
[2026-03-23 10:33:21] [info] Connexion à Wialon...
[2026-03-23 10:33:26] [info] === IMPORT CYCLE COMMENCÉ ===
[2026-03-23 10:33:26] [info] Heure du système: 2026-03-23 10:33:26
[2026-03-23 10:33:26] [info] Connexion à Wialon...
[2026-03-23 10:33:31] [info] === IMPORT CYCLE COMMENCÉ ===
[2026-03-23 10:33:31] [info] Heure du système: 2026-03-23 10:33:31
[2026-03-23 10:33:31] [info] Connexion à Wialon...
[2026-03-23 10:33:36] [info] === IMPORT CYCLE COMMENCÉ ===
[2026-03-23 10:33:36] [info] Heure du système: 2026-03-23 10:33:36
[2026-03-23 10:33:36] [info] Connexion à Wialon...
[2026-03-23 10:33:41] [info] === IMPORT CYCLE COMMENCÉ ===
[2026-03-23 10:33:41] [info] Heure du système: 2026-03-23 10:33:41
[2026-03-23 10:33:41] [info] Connexion à Wialon...
[2026-03-23 10:33:46] [info] === IMPORT CYCLE COMMENCÉ ===
[2026-03-23 10:33:46] [info] Heure du système: 2026-03-23 10:33:46
[2026-03-23 10:33:46] [info] Connexion à Wialon...
[2026-03-23 10:33:51] [info] === IMPORT CYCLE COMMENCÉ ===
[2026-03-23 10:33:51] [info] Heure du système: 2026-03-23 10:33:51
[2026-03-23 10:33:51] [info] Connexion à Wialon...
[2026-03-23 10:33:56] [info] === IMPORT CYCLE COMMENCÉ ===
[2026-03-23 10:33:56] [info] Heure du système: 2026-03-23 10:33:56
[2026-03-23 10:33:56] [info] Connexion à Wialon...
[2026-03-23 10:34:01] [info] === IMPORT CYCLE COMMENCÉ ===
[2026-03-23 10:34:01] [info] Heure du système: 2026-03-23 10:34:01
[2026-03-23 10:34:01] [info] Connexion à Wialon...
[2026-03-23 10:34:06] [info] === IMPORT CYCLE COMMENCÉ ===
[2026-03-23 10:34:06] [info] Heure du système: 2026-03-23 10:34:06
[2026-03-23 10:34:06] [info] Connexion à Wialon...
[2026-03-23 10:34:11] [info] === IMPORT CYCLE COMMENCÉ ===
[2026-03-23 10:34:11] [info] Heure du système: 2026-03-23 10:34:11
[2026-03-23 10:34:11] [info] Connexion à Wialon...
[2026-03-23 10:34:16] [info] === IMPORT CYCLE COMMENCÉ ===
[2026-03-23 10:34:16] [info] Heure du système: 2026-03-23 10:34:16
[2026-03-23 10:34:16] [info] Connexion à Wialon...
[2026-03-23 10:34:21] [info] === IMPORT CYCLE COMMENCÉ ===
[2026-03-23 10:34:21] [info] Heure du système: 2026-03-23 10:34:21
[2026-03-23 10:34:21] [info] Connexion à Wialon...
[2026-03-23 10:34:26] [info] === IMPORT CYCLE COMMENCÉ ===
[2026-03-23 10:34:26] [info] Heure du système: 2026-03-23 10:34:26
[2026-03-23 10:34:26] [info] Connexion à Wialon...
[2026-03-23 10:34:31] [info] === IMPORT CYCLE COMMENCÉ ===
[2026-03-23 10:34:31] [info] Heure du système: 2026-03-23 10:34:31
[2026-03-23 10:34:31] [info] Connexion à Wialon...
[2026-03-23 10:34:36] [info] === IMPORT CYCLE COMMENCÉ ===
[2026-03-23 10:34:36] [info] Heure du système: 2026-03-23 10:34:36
[2026-03-23 10:34:36] [info] Connexion à Wialon...
[2026-03-23 10:34:41] [info] === IMPORT CYCLE COMMENCÉ ===
[2026-03-23 10:34:41] [info] Heure du système: 2026-03-23 10:34:41
[2026-03-23 10:34:41] [info] Connexion à Wialon...
[2026-03-23 10:34:46] [info] === IMPORT CYCLE COMMENCÉ ===
[2026-03-23 10:34:46] [info] Heure du système: 2026-03-23 10:34:46
[2026-03-23 10:34:46] [info] Connexion à Wialon...
[2026-03-23 10:34:51] [info] === IMPORT CYCLE COMMENCÉ ===
[2026-03-23 10:34:51] [info] Heure du système: 2026-03-23 10:34:51
[2026-03-23 10:34:51] [info] Connexion à Wialon...
[2026-03-23 10:34:56] [info] === IMPORT CYCLE COMMENCÉ ===
[2026-03-23 10:34:56] [info] Heure du système: 2026-03-23 10:34:56
[2026-03-23 10:34:56] [info] Connexion à Wialon...
[2026-03-23 10:35:01] [info] === IMPORT CYCLE COMMENCÉ ===
[2026-03-23 10:35:01] [info] Heure du système: 2026-03-23 10:35:01
[2026-03-23 10:35:01] [info] Connexion à Wialon...
[2026-03-23 10:35:06] [info] === IMPORT CYCLE COMMENCÉ ===
[2026-03-23 10:35:06] [info] Heure du système: 2026-03-23 10:35:06
[2026-03-23 10:35:06] [info] Connexion à Wialon...
[2026-03-23 10:35:11] [info] === IMPORT CYCLE COMMENCÉ ===
[2026-03-23 10:35:11] [info] Heure du système: 2026-03-23 10:35:11
[2026-03-23 10:35:11] [info] Connexion à Wialon...
[2026-03-23 10:35:16] [info] === IMPORT CYCLE COMMENCÉ ===
[2026-03-23 10:35:16] [info] Heure du système: 2026-03-23 10:35:16
[2026-03-23 10:35:16] [info] Connexion à Wialon...
[2026-03-23 10:35:21] [info] === IMPORT CYCLE COMMENCÉ ===
[2026-03-23 10:35:21] [info] Heure du système: 2026-03-23 10:35:21
[2026-03-23 10:35:21] [info] Connexion à Wialon...
[2026-03-23 10:35:26] [info] === IMPORT CYCLE COMMENCÉ ===
[2026-03-23 10:35:26] [info] Heure du système: 2026-03-23 10:35:26
[2026-03-23 10:35:26] [info] Connexion à Wialon...
[2026-03-23 10:35:31] [info] === IMPORT CYCLE COMMENCÉ ===
[2026-03-23 10:35:31] [info] Heure du système: 2026-03-23 10:35:31
[2026-03-23 10:35:31] [info] Connexion à Wialon...
[2026-03-23 10:35:36] [info] === IMPORT CYCLE COMMENCÉ ===
[2026-03-23 10:35:36] [info] Heure du système: 2026-03-23 10:35:36
[2026-03-23 10:35:36] [info] Connexion à Wialon...
[2026-03-23 10:35:41] [info] === IMPORT CYCLE COMMENCÉ ===
[2026-03-23 10:35:41] [info] Heure du système: 2026-03-23 10:35:41
[2026-03-23 10:35:41] [info] Connexion à Wialon...
[2026-03-23 10:35:46] [info] === IMPORT CYCLE COMMENCÉ ===
[2026-03-23 10:35:46] [info] Heure du système: 2026-03-23 10:35:46
[2026-03-23 10:35:46] [info] Connexion à Wialon...
[2026-03-23 10:35:51] [info] === IMPORT CYCLE COMMENCÉ ===
[2026-03-23 10:35:51] [info] Heure du système: 2026-03-23 10:35:51
[2026-03-23 10:35:51] [info] Connexion à Wialon...
[2026-03-23 10:35:56] [info] === IMPORT CYCLE COMMENCÉ ===
[2026-03-23 10:35:56] [info] Heure du système: 2026-03-23 10:35:56
[2026-03-23 10:35:56] [info] Connexion à Wialon...
[2026-03-23 10:36:01] [info] === IMPORT CYCLE COMMENCÉ ===
[2026-03-23 10:36:01] [info] Heure du système: 2026-03-23 10:36:01
[2026-03-23 10:36:01] [info] Connexion à Wialon...
[2026-03-23 10:36:06] [info] === IMPORT CYCLE COMMENCÉ ===
[2026-03-23 10:36:06] [info] Heure du système: 2026-03-23 10:36:06
[2026-03-23 10:36:06] [info] Connexion à Wialon...
[2026-03-23 10:36:11] [info] === IMPORT CYCLE COMMENCÉ ===
[2026-03-23 10:36:11] [info] Heure du système: 2026-03-23 10:36:11
[2026-03-23 10:36:11] [info] Connexion à Wialon...
[2026-03-23 10:36:16] [info] === IMPORT CYCLE COMMENCÉ ===
[2026-03-23 10:36:16] [info] Heure du système: 2026-03-23 10:36:16
[2026-03-23 10:36:16] [info] Connexion à Wialon...
[2026-03-23 10:36:21] [info] === IMPORT CYCLE COMMENCÉ ===
[2026-03-23 10:36:21] [info] Heure du système: 2026-03-23 10:36:21
[2026-03-23 10:36:21] [info] Connexion à Wialon...
[2026-03-23 10:36:26] [info] === IMPORT CYCLE COMMENCÉ ===
[2026-03-23 10:36:26] [info] Heure du système: 2026-03-23 10:36:26
[2026-03-23 10:36:26] [info] Connexion à Wialon...
[2026-03-23 10:36:31] [info] === IMPORT CYCLE COMMENCÉ ===
[2026-03-23 10:36:31] [info] Heure du système: 2026-03-23 10:36:31
[2026-03-23 10:36:31] [info] Connexion à Wialon...
[2026-03-23 10:36:36] [info] === IMPORT CYCLE COMMENCÉ ===
[2026-03-23 10:36:36] [info] Heure du système: 2026-03-23 10:36:36
[2026-03-23 10:36:36] [info] Connexion à Wialon...
[2026-03-23 10:36:41] [info] === IMPORT CYCLE COMMENCÉ ===
[2026-03-23 10:36:41] [info] Heure du système: 2026-03-23 10:36:41
[2026-03-23 10:36:41] [info] Connexion à Wialon...
[2026-03-23 10:36:46] [info] === IMPORT CYCLE COMMENCÉ ===
[2026-03-23 10:36:46] [info] Heure du système: 2026-03-23 10:36:46
[2026-03-23 10:36:46] [info] Connexion à Wialon...
[2026-03-23 10:36:51] [info] === IMPORT CYCLE COMMENCÉ ===
[2026-03-23 10:36:51] [info] Heure du système: 2026-03-23 10:36:51
[2026-03-23 10:36:51] [info] Connexion à Wialon...
[2026-03-23 10:36:56] [info] === IMPORT CYCLE COMMENCÉ ===
[2026-03-23 10:36:56] [info] Heure du système: 2026-03-23 10:36:56
[2026-03-23 10:36:56] [info] Connexion à Wialon...
[2026-03-23 10:37:01] [info] === IMPORT CYCLE COMMENCÉ ===
[2026-03-23 10:37:01] [info] Heure du système: 2026-03-23 10:37:01
[2026-03-23 10:37:01] [info] Connexion à Wialon...
[2026-03-23 10:37:06] [info] === IMPORT CYCLE COMMENCÉ ===
[2026-03-23 10:37:06] [info] Heure du système: 2026-03-23 10:37:06
[2026-03-23 10:37:06] [info] Connexion à Wialon...
[2026-03-23 10:37:11] [info] === IMPORT CYCLE COMMENCÉ ===
[2026-03-23 10:37:11] [info] Heure du système: 2026-03-23 10:37:11
[2026-03-23 10:37:11] [info] Connexion à Wialon...
[2026-03-23 10:37:16] [info] === IMPORT CYCLE COMMENCÉ ===
[2026-03-23 10:37:16] [info] Heure du système: 2026-03-23 10:37:16
[2026-03-23 10:37:16] [info] Connexion à Wialon...
[2026-03-23 10:37:21] [info] === IMPORT CYCLE COMMENCÉ ===
[2026-03-23 10:37:21] [info] Heure du système: 2026-03-23 10:37:21
[2026-03-23 10:37:21] [info] Connexion à Wialon...
[2026-03-23 10:37:26] [info] === IMPORT CYCLE COMMENCÉ ===
[2026-03-23 10:37:26] [info] Heure du système: 2026-03-23 10:37:26
[2026-03-23 10:37:26] [info] Connexion à Wialon...
[2026-03-23 10:37:31] [info] === IMPORT CYCLE COMMENCÉ ===
[2026-03-23 10:37:31] [info] Heure du système: 2026-03-23 10:37:31
[2026-03-23 10:37:31] [info] Connexion à Wialon...
[2026-03-23 10:37:36] [info] === IMPORT CYCLE COMMENCÉ ===
[2026-03-23 10:37:36] [info] Heure du système: 2026-03-23 10:37:36
[2026-03-23 10:37:36] [info] Connexion à Wialon...
[2026-03-23 10:37:41] [info] === IMPORT CYCLE COMMENCÉ ===
[2026-03-23 10:37:41] [info] Heure du système: 2026-03-23 10:37:41
[2026-03-23 10:37:41] [info] Connexion à Wialon...
